INFO:__main__:***** Running training *****
INFO:__main__:  Num examples = 4728
INFO:__main__:  Num Epochs = 120
INFO:__main__:  Instantaneous batch size per device = 1
INFO:__main__:  Total train batch size (w. parallel, distributed & accumulation) = 64
INFO:__main__:  Gradient Accumulation steps = 16
INFO:__main__:  Total optimization steps = 8880








Steps:   0%|          | 1/8880 [00:28<69:41:13, 28.25s/it, lr=0.0001, step_loss=0.409]INFO:__main__:Running validation...
 Generating 1 videos.
{'controlnet', 'insert_light', 'multi_frame'} was not found in config. Values will be initialized to default values.
                                                                     {'final_sigmas_type', 'rescale_betas_zero_snr'} was not found in config. Values will be initialized to default values.
Loaded scheduler as EulerDiscreteScheduler from `scheduler` subfolder of stabilityai/stable-video-diffusion-img2vid.
Loaded feature_extractor as CLIPImageProcessor from `feature_extractor` subfolder of stabilityai/stable-video-diffusion-img2vid.
Loading pipeline components...: 100%|██████████| 5/5 [00:00<00:00, 273.45it/s]















































































































































































































































































































































































































































Steps:   1%|          | 50/8880 [15:05<43:07:11, 17.58s/it, lr=0.0001, step_loss=0.00651]INFO:__main__:Step 50: Test Loss = 0.0419




















































































































































































































































































































































































































































Steps:   1%|          | 100/8880 [30:44<42:42:42, 17.51s/it, lr=0.0001, step_loss=0.59]INFO:__main__:Step 100: Test Loss = 0.0565





















































































































































































































































































































































































































































Steps:   2%|▏         | 150/8880 [46:22<43:46:43, 18.05s/it, lr=0.0001, step_loss=0.0057]INFO:__main__:Step 150: Test Loss = 0.0374






















































































































































































































































































































































































































































Steps:   2%|▏         | 200/8880 [1:02:01<42:25:25, 17.60s/it, lr=0.0001, step_loss=0.00289]INFO:__main__:Step 200: Test Loss = 0.0320
INFO:__main__:Running validation...
 Generating 1 videos.
{'controlnet', 'insert_light', 'multi_frame'} was not found in config. Values will be initialized to default values.
                                                                     {'final_sigmas_type', 'rescale_betas_zero_snr'} was not found in config. Values will be initialized to default values.
Loaded scheduler as EulerDiscreteScheduler from `scheduler` subfolder of stabilityai/stable-video-diffusion-img2vid.
Loaded feature_extractor as CLIPImageProcessor from `feature_extractor` subfolder of stabilityai/stable-video-diffusion-img2vid.
Loading pipeline components...: 100%|██████████| 5/5 [00:00<00:00, 184.85it/s]



















































































































































































































































































































































































































































Steps:   3%|▎         | 250/8880 [1:17:48<42:03:27, 17.54s/it, lr=0.0001, step_loss=0.00566]INFO:__main__:Step 250: Test Loss = 0.0184





















































































































































































































































































































































































































































Steps:   3%|▎         | 300/8880 [1:33:28<42:17:37, 17.75s/it, lr=0.0001, step_loss=0.00182]INFO:__main__:Step 300: Test Loss = 0.0133






















































































































































































































































































































































































































































Steps:   4%|▍         | 350/8880 [1:49:06<41:31:53, 17.53s/it, lr=0.0001, step_loss=0.00197]INFO:__main__:Step 350: Test Loss = 0.0292





















































































































































































































































































































































































































































Steps:   5%|▍         | 400/8880 [2:04:46<41:17:29, 17.53s/it, lr=0.0001, step_loss=0.00645]INFO:__main__:Step 400: Test Loss = 0.0112
INFO:__main__:Running validation...
 Generating 1 videos.
{'controlnet', 'insert_light', 'multi_frame'} was not found in config. Values will be initialized to default values.
                                                                     {'final_sigmas_type', 'rescale_betas_zero_snr'} was not found in config. Values will be initialized to default values.
Loaded scheduler as EulerDiscreteScheduler from `scheduler` subfolder of stabilityai/stable-video-diffusion-img2vid.
Loaded feature_extractor as CLIPImageProcessor from `feature_extractor` subfolder of stabilityai/stable-video-diffusion-img2vid.
Loading pipeline components...: 100%|██████████| 5/5 [00:00<00:00, 153.90it/s]




















































































































































































































































































































































































































































Steps:   5%|▌         | 450/8880 [2:20:33<41:25:14, 17.69s/it, lr=0.0001, step_loss=0.00451]INFO:__main__:Step 450: Test Loss = 0.0116






















































































































































































































































































































































































































































Steps:   6%|▌         | 500/8880 [2:36:11<40:35:39, 17.44s/it, lr=0.0001, step_loss=0.00227]INFO:__main__:Step 500: Test Loss = 0.0368
INFO:accelerate.accelerator:Saving current state to /fs/nexus-scratch/sjxu/Model_out/model_add_ligh_2_change_HD/checkpoint-500
Configuration saved in /fs/nexus-scratch/sjxu/Model_out/model_add_ligh_2_change_HD/checkpoint-500/controlnet/config.json
Model weights saved in /fs/nexus-scratch/sjxu/Model_out/model_add_ligh_2_change_HD/checkpoint-500/controlnet/diffusion_pytorch_model.safetensors
Configuration saved in /fs/nexus-scratch/sjxu/Model_out/model_add_ligh_2_change_HD/checkpoint-500/controlnet/config.json
Model weights saved in /fs/nexus-scratch/sjxu/Model_out/model_add_ligh_2_change_HD/checkpoint-500/controlnet/diffusion_pytorch_model.safetensors
INFO:accelerate.checkpointing:Optimizer state saved in /fs/nexus-scratch/sjxu/Model_out/model_add_ligh_2_change_HD/checkpoint-500/optimizer.bin
INFO:accelerate.checkpointing:Scheduler state saved in /fs/nexus-scratch/sjxu/Model_out/model_add_ligh_2_change_HD/checkpoint-500/scheduler.bin
INFO:accelerate.checkpointing:Sampler state for dataloader 0 saved in /fs/nexus-scratch/sjxu/Model_out/model_add_ligh_2_change_HD/checkpoint-500/sampler.bin
INFO:accelerate.checkpointing:Gradient scaler state saved in /fs/nexus-scratch/sjxu/Model_out/model_add_ligh_2_change_HD/checkpoint-500/scaler.pt
INFO:accelerate.checkpointing:Random states saved in /fs/nexus-scratch/sjxu/Model_out/model_add_ligh_2_change_HD/checkpoint-500/random_states_0.pkl
INFO:__main__:Saved state to /fs/nexus-scratch/sjxu/Model_out/model_add_ligh_2_change_HD/checkpoint-500




















































































































































































































































































































































































































































Steps:   6%|▌         | 550/8880 [2:52:16<40:38:49, 17.57s/it, lr=0.0001, step_loss=0.00225]INFO:__main__:Step 550: Test Loss = 0.0429





















































































































































































































































































































































































































































Steps:   7%|▋         | 600/8880 [3:07:58<40:40:43, 17.69s/it, lr=0.0001, step_loss=0.00259]INFO:__main__:Step 600: Test Loss = 0.0110
INFO:__main__:Running validation...
 Generating 1 videos.
{'controlnet', 'insert_light', 'multi_frame'} was not found in config. Values will be initialized to default values.
                                                                     {'final_sigmas_type', 'rescale_betas_zero_snr'} was not found in config. Values will be initialized to default values.
Loaded scheduler as EulerDiscreteScheduler from `scheduler` subfolder of stabilityai/stable-video-diffusion-img2vid.
Loaded feature_extractor as CLIPImageProcessor from `feature_extractor` subfolder of stabilityai/stable-video-diffusion-img2vid.
Loading pipeline components...: 100%|██████████| 5/5 [00:00<00:00, 228.28it/s]





















































































































































































































































































































































































































































Steps:   7%|▋         | 650/8880 [3:23:43<39:57:39, 17.48s/it, lr=0.0001, step_loss=0.00379]INFO:__main__:Step 650: Test Loss = 0.0497



















































































































































































































































































































































































































































Steps:   8%|▊         | 700/8880 [3:39:25<40:05:39, 17.65s/it, lr=0.0001, step_loss=0.00204]INFO:__main__:Step 700: Test Loss = 0.0238






















































































































































































































































































































































































































































Steps:   8%|▊         | 750/8880 [3:55:07<39:45:15, 17.60s/it, lr=0.0001, step_loss=0.00364]INFO:__main__:Step 750: Test Loss = 0.0045























































































































































































































































































































































































































































Steps:   9%|▉         | 800/8880 [4:10:48<39:32:58, 17.62s/it, lr=0.0001, step_loss=0.00245]INFO:__main__:Step 800: Test Loss = 0.0162
INFO:__main__:Running validation...
 Generating 1 videos.
{'controlnet', 'insert_light', 'multi_frame'} was not found in config. Values will be initialized to default values.
                                                                     {'final_sigmas_type', 'rescale_betas_zero_snr'} was not found in config. Values will be initialized to default values.
Loaded scheduler as EulerDiscreteScheduler from `scheduler` subfolder of stabilityai/stable-video-diffusion-img2vid.
Loaded feature_extractor as CLIPImageProcessor from `feature_extractor` subfolder of stabilityai/stable-video-diffusion-img2vid.
Loading pipeline components...: 100%|██████████| 5/5 [00:00<00:00, 204.04it/s]





















































































































































































































































































































































































































































Steps:  10%|▉         | 850/8880 [4:26:39<39:22:56, 17.66s/it, lr=0.0001, step_loss=0.00293]INFO:__main__:Step 850: Test Loss = 0.0070






















































































































































































































































































































































































































































Steps:  10%|█         | 900/8880 [4:42:22<38:45:56, 17.49s/it, lr=0.0001, step_loss=0.00304]INFO:__main__:Step 900: Test Loss = 0.0289
























































































































































































































































































































































































































































Steps:  11%|█         | 950/8880 [4:58:04<38:59:54, 17.70s/it, lr=0.0001, step_loss=0.00291]INFO:__main__:Step 950: Test Loss = 0.0188





















































































































































































































































































































































































































































Steps:  11%|█▏        | 1000/8880 [5:13:45<38:43:58, 17.70s/it, lr=0.0001, step_loss=0.00215]INFO:__main__:Step 1000: Test Loss = 0.0356
INFO:accelerate.accelerator:Saving current state to /fs/nexus-scratch/sjxu/Model_out/model_add_ligh_2_change_HD/checkpoint-1000
Configuration saved in /fs/nexus-scratch/sjxu/Model_out/model_add_ligh_2_change_HD/checkpoint-1000/controlnet/config.json
Model weights saved in /fs/nexus-scratch/sjxu/Model_out/model_add_ligh_2_change_HD/checkpoint-1000/controlnet/diffusion_pytorch_model.safetensors
Configuration saved in /fs/nexus-scratch/sjxu/Model_out/model_add_ligh_2_change_HD/checkpoint-1000/controlnet/config.json
Model weights saved in /fs/nexus-scratch/sjxu/Model_out/model_add_ligh_2_change_HD/checkpoint-1000/controlnet/diffusion_pytorch_model.safetensors
INFO:accelerate.checkpointing:Optimizer state saved in /fs/nexus-scratch/sjxu/Model_out/model_add_ligh_2_change_HD/checkpoint-1000/optimizer.bin
INFO:accelerate.checkpointing:Scheduler state saved in /fs/nexus-scratch/sjxu/Model_out/model_add_ligh_2_change_HD/checkpoint-1000/scheduler.bin
INFO:accelerate.checkpointing:Sampler state for dataloader 0 saved in /fs/nexus-scratch/sjxu/Model_out/model_add_ligh_2_change_HD/checkpoint-1000/sampler.bin
INFO:accelerate.checkpointing:Gradient scaler state saved in /fs/nexus-scratch/sjxu/Model_out/model_add_ligh_2_change_HD/checkpoint-1000/scaler.pt
INFO:accelerate.checkpointing:Random states saved in /fs/nexus-scratch/sjxu/Model_out/model_add_ligh_2_change_HD/checkpoint-1000/random_states_0.pkl
INFO:__main__:Saved state to /fs/nexus-scratch/sjxu/Model_out/model_add_ligh_2_change_HD/checkpoint-1000
INFO:__main__:Running validation...
 Generating 1 videos.
{'controlnet', 'insert_light', 'multi_frame'} was not found in config. Values will be initialized to default values.
                                                                     {'final_sigmas_type', 'rescale_betas_zero_snr'} was not found in config. Values will be initialized to default values.
Loaded scheduler as EulerDiscreteScheduler from `scheduler` subfolder of stabilityai/stable-video-diffusion-img2vid.
Loaded feature_extractor as CLIPImageProcessor from `feature_extractor` subfolder of stabilityai/stable-video-diffusion-img2vid.
Loading pipeline components...: 100%|██████████| 5/5 [00:00<00:00, 472.82it/s]




















































































































































































































































































































































































































































Steps:  12%|█▏        | 1050/8880 [5:30:01<38:07:23, 17.53s/it, lr=0.0001, step_loss=0.00348]INFO:__main__:Step 1050: Test Loss = 0.0088























































































































































































































































































































































































































































Steps:  12%|█▏        | 1100/8880 [5:45:43<38:11:50, 17.67s/it, lr=0.0001, step_loss=0.0701]INFO:__main__:Step 1100: Test Loss = 0.0209






















































































































































































































































































































































































































































Steps:  13%|█▎        | 1150/8880 [6:01:24<37:47:10, 17.60s/it, lr=0.0001, step_loss=0.00164]INFO:__main__:Step 1150: Test Loss = 0.0435





















































































































































































































































































































































































































































Steps:  14%|█▎        | 1200/8880 [6:17:06<37:34:59, 17.62s/it, lr=0.0001, step_loss=0.00194]INFO:__main__:Step 1200: Test Loss = 0.0049
INFO:__main__:Running validation...
 Generating 1 videos.
{'controlnet', 'insert_light', 'multi_frame'} was not found in config. Values will be initialized to default values.
                                                                     {'final_sigmas_type', 'rescale_betas_zero_snr'} was not found in config. Values will be initialized to default values.
Loaded scheduler as EulerDiscreteScheduler from `scheduler` subfolder of stabilityai/stable-video-diffusion-img2vid.
Loaded feature_extractor as CLIPImageProcessor from `feature_extractor` subfolder of stabilityai/stable-video-diffusion-img2vid.
Loading pipeline components...: 100%|██████████| 5/5 [00:00<00:00, 154.43it/s]






















































































































































































































































































































































































































































Steps:  14%|█▍        | 1250/8880 [6:32:53<36:58:45, 17.45s/it, lr=0.0001, step_loss=0.00197]INFO:__main__:Step 1250: Test Loss = 0.0337




















































































































































































































































































































































































































































Steps:  15%|█▍        | 1300/8880 [6:48:31<36:38:54, 17.41s/it, lr=0.0001, step_loss=0.0063]INFO:__main__:Step 1300: Test Loss = 0.0633




















































































































































































































































































































































































































































Steps:  15%|█▌        | 1350/8880 [7:04:12<36:52:21, 17.63s/it, lr=0.0001, step_loss=0.00459]INFO:__main__:Step 1350: Test Loss = 0.0333

























































































































































































































































































































































































































































Steps:  16%|█▌        | 1400/8880 [7:19:54<36:29:54, 17.57s/it, lr=0.0001, step_loss=0.952]INFO:__main__:Step 1400: Test Loss = 0.0223
INFO:__main__:Running validation...
 Generating 1 videos.
{'controlnet', 'insert_light', 'multi_frame'} was not found in config. Values will be initialized to default values.
                                                                     {'final_sigmas_type', 'rescale_betas_zero_snr'} was not found in config. Values will be initialized to default values.
Loaded scheduler as EulerDiscreteScheduler from `scheduler` subfolder of stabilityai/stable-video-diffusion-img2vid.
Loaded feature_extractor as CLIPImageProcessor from `feature_extractor` subfolder of stabilityai/stable-video-diffusion-img2vid.
Loading pipeline components...: 100%|██████████| 5/5 [00:00<00:00, 201.99it/s]






















































































































































































































































































































































































































































Steps:  16%|█▋        | 1450/8880 [7:35:46<36:22:12, 17.62s/it, lr=0.0001, step_loss=0.00353]INFO:__main__:Step 1450: Test Loss = 0.0193






















































































































































































































































































































































































































































Steps:  17%|█▋        | 1500/8880 [7:51:28<36:03:01, 17.59s/it, lr=0.0001, step_loss=0.00397]INFO:__main__:Step 1500: Test Loss = 0.0431
INFO:accelerate.accelerator:Saving current state to /fs/nexus-scratch/sjxu/Model_out/model_add_ligh_2_change_HD/checkpoint-1500
Configuration saved in /fs/nexus-scratch/sjxu/Model_out/model_add_ligh_2_change_HD/checkpoint-1500/controlnet/config.json
Model weights saved in /fs/nexus-scratch/sjxu/Model_out/model_add_ligh_2_change_HD/checkpoint-1500/controlnet/diffusion_pytorch_model.safetensors
Configuration saved in /fs/nexus-scratch/sjxu/Model_out/model_add_ligh_2_change_HD/checkpoint-1500/controlnet/config.json
Model weights saved in /fs/nexus-scratch/sjxu/Model_out/model_add_ligh_2_change_HD/checkpoint-1500/controlnet/diffusion_pytorch_model.safetensors
INFO:accelerate.checkpointing:Optimizer state saved in /fs/nexus-scratch/sjxu/Model_out/model_add_ligh_2_change_HD/checkpoint-1500/optimizer.bin
INFO:accelerate.checkpointing:Scheduler state saved in /fs/nexus-scratch/sjxu/Model_out/model_add_ligh_2_change_HD/checkpoint-1500/scheduler.bin
INFO:accelerate.checkpointing:Sampler state for dataloader 0 saved in /fs/nexus-scratch/sjxu/Model_out/model_add_ligh_2_change_HD/checkpoint-1500/sampler.bin
INFO:accelerate.checkpointing:Gradient scaler state saved in /fs/nexus-scratch/sjxu/Model_out/model_add_ligh_2_change_HD/checkpoint-1500/scaler.pt
INFO:accelerate.checkpointing:Random states saved in /fs/nexus-scratch/sjxu/Model_out/model_add_ligh_2_change_HD/checkpoint-1500/random_states_0.pkl
INFO:__main__:Saved state to /fs/nexus-scratch/sjxu/Model_out/model_add_ligh_2_change_HD/checkpoint-1500























































































































































































































































































































































































































































Steps:  17%|█▋        | 1550/8880 [8:07:35<35:46:23, 17.57s/it, lr=0.0001, step_loss=0.00235]INFO:__main__:Step 1550: Test Loss = 0.0124






















































































































































































































































































































































































































































Steps:  18%|█▊        | 1600/8880 [8:23:21<35:32:23, 17.57s/it, lr=0.0001, step_loss=0.00266]INFO:__main__:Step 1600: Test Loss = 0.0075
INFO:__main__:Running validation...
 Generating 1 videos.
{'controlnet', 'insert_light', 'multi_frame'} was not found in config. Values will be initialized to default values.
                                                                     {'final_sigmas_type', 'rescale_betas_zero_snr'} was not found in config. Values will be initialized to default values.
Loaded scheduler as EulerDiscreteScheduler from `scheduler` subfolder of stabilityai/stable-video-diffusion-img2vid.
Loaded feature_extractor as CLIPImageProcessor from `feature_extractor` subfolder of stabilityai/stable-video-diffusion-img2vid.
Loading pipeline components...: 100%|██████████| 5/5 [00:00<00:00, 408.94it/s]




















































































































































































































































































































































































































































Steps:  19%|█▊        | 1650/8880 [8:39:13<35:11:03, 17.52s/it, lr=0.0001, step_loss=0.145]INFO:__main__:Step 1650: Test Loss = 0.0337





















































































































































































































































































































































































































































Steps:  19%|█▉        | 1700/8880 [8:54:55<35:08:08, 17.62s/it, lr=0.0001, step_loss=0.00094]INFO:__main__:Step 1700: Test Loss = 0.0065






















































































































































































































































































































































































































































Steps:  20%|█▉        | 1750/8880 [9:10:37<34:47:01, 17.56s/it, lr=0.0001, step_loss=0.00253]INFO:__main__:Step 1750: Test Loss = 0.0319





















































































































































































































































































































































































































































Steps:  20%|██        | 1800/8880 [9:26:16<34:40:48, 17.63s/it, lr=0.0001, step_loss=0.00267]INFO:__main__:Step 1800: Test Loss = 0.0175
INFO:__main__:Running validation...
 Generating 1 videos.
{'controlnet', 'insert_light', 'multi_frame'} was not found in config. Values will be initialized to default values.
                                                                     {'final_sigmas_type', 'rescale_betas_zero_snr'} was not found in config. Values will be initialized to default values.
Loaded scheduler as EulerDiscreteScheduler from `scheduler` subfolder of stabilityai/stable-video-diffusion-img2vid.
Loaded feature_extractor as CLIPImageProcessor from `feature_extractor` subfolder of stabilityai/stable-video-diffusion-img2vid.
Loading pipeline components...: 100%|██████████| 5/5 [00:00<00:00, 122.61it/s]



















































































































































































































































































































































































































































Steps:  21%|██        | 1850/8880 [9:41:59<30:17:33, 15.51s/it, lr=0.0001, step_loss=0.00104]INFO:__main__:Step 1850: Test Loss = 0.0069
























































































































































































































































































































































































































































Steps:  21%|██▏       | 1900/8880 [9:57:47<34:08:33, 17.61s/it, lr=0.0001, step_loss=0.00244]INFO:__main__:Step 1900: Test Loss = 0.0058






















































































































































































































































































































































































































































Steps:  22%|██▏       | 1950/8880 [10:13:30<33:51:56, 17.59s/it, lr=0.0001, step_loss=0.0017]INFO:__main__:Step 1950: Test Loss = 0.0061





















































































































































































































































































































































































































































Steps:  23%|██▎       | 2000/8880 [10:29:11<34:43:09, 18.17s/it, lr=0.0001, step_loss=0.00376]INFO:__main__:Step 2000: Test Loss = 0.0230
INFO:accelerate.accelerator:Saving current state to /fs/nexus-scratch/sjxu/Model_out/model_add_ligh_2_change_HD/checkpoint-2000
Configuration saved in /fs/nexus-scratch/sjxu/Model_out/model_add_ligh_2_change_HD/checkpoint-2000/controlnet/config.json
Model weights saved in /fs/nexus-scratch/sjxu/Model_out/model_add_ligh_2_change_HD/checkpoint-2000/controlnet/diffusion_pytorch_model.safetensors
Configuration saved in /fs/nexus-scratch/sjxu/Model_out/model_add_ligh_2_change_HD/checkpoint-2000/controlnet/config.json
Model weights saved in /fs/nexus-scratch/sjxu/Model_out/model_add_ligh_2_change_HD/checkpoint-2000/controlnet/diffusion_pytorch_model.safetensors
INFO:accelerate.checkpointing:Optimizer state saved in /fs/nexus-scratch/sjxu/Model_out/model_add_ligh_2_change_HD/checkpoint-2000/optimizer.bin
INFO:accelerate.checkpointing:Scheduler state saved in /fs/nexus-scratch/sjxu/Model_out/model_add_ligh_2_change_HD/checkpoint-2000/scheduler.bin
INFO:accelerate.checkpointing:Sampler state for dataloader 0 saved in /fs/nexus-scratch/sjxu/Model_out/model_add_ligh_2_change_HD/checkpoint-2000/sampler.bin
INFO:accelerate.checkpointing:Gradient scaler state saved in /fs/nexus-scratch/sjxu/Model_out/model_add_ligh_2_change_HD/checkpoint-2000/scaler.pt
INFO:accelerate.checkpointing:Random states saved in /fs/nexus-scratch/sjxu/Model_out/model_add_ligh_2_change_HD/checkpoint-2000/random_states_0.pkl
INFO:__main__:Saved state to /fs/nexus-scratch/sjxu/Model_out/model_add_ligh_2_change_HD/checkpoint-2000
INFO:__main__:Running validation...
 Generating 1 videos.
{'controlnet', 'insert_light', 'multi_frame'} was not found in config. Values will be initialized to default values.
                                                                     {'final_sigmas_type', 'rescale_betas_zero_snr'} was not found in config. Values will be initialized to default values.
Loaded scheduler as EulerDiscreteScheduler from `scheduler` subfolder of stabilityai/stable-video-diffusion-img2vid.
Loaded feature_extractor as CLIPImageProcessor from `feature_extractor` subfolder of stabilityai/stable-video-diffusion-img2vid.
Loading pipeline components...: 100%|██████████| 5/5 [00:00<00:00, 459.38it/s]






















































































































































































































































































































































































































































Steps:  23%|██▎       | 2050/8880 [10:45:26<33:36:03, 17.71s/it, lr=0.0001, step_loss=0.000766]INFO:__main__:Step 2050: Test Loss = 0.0023






















































































































































































































































































































































































































































Steps:  24%|██▎       | 2100/8880 [11:01:08<33:11:58, 17.63s/it, lr=0.0001, step_loss=0.00393]INFO:__main__:Step 2100: Test Loss = 0.0321





















































































































































































































































































































































































































































Steps:  24%|██▍       | 2150/8880 [11:16:49<33:21:53, 17.85s/it, lr=0.0001, step_loss=0.00316]INFO:__main__:Step 2150: Test Loss = 0.0039
























































































































































































































































































































































































































































Steps:  25%|██▍       | 2200/8880 [11:32:31<32:32:49, 17.54s/it, lr=0.0001, step_loss=0.00145]INFO:__main__:Step 2200: Test Loss = 0.0181
INFO:__main__:Running validation...
 Generating 1 videos.
{'controlnet', 'insert_light', 'multi_frame'} was not found in config. Values will be initialized to default values.
                                                                     {'final_sigmas_type', 'rescale_betas_zero_snr'} was not found in config. Values will be initialized to default values.
Loaded scheduler as EulerDiscreteScheduler from `scheduler` subfolder of stabilityai/stable-video-diffusion-img2vid.
Loaded feature_extractor as CLIPImageProcessor from `feature_extractor` subfolder of stabilityai/stable-video-diffusion-img2vid.
Loading pipeline components...: 100%|██████████| 5/5 [00:00<00:00, 266.92it/s]





















































































































































































































































































































































































































































Steps:  25%|██▌       | 2250/8880 [11:48:21<32:19:35, 17.55s/it, lr=0.0001, step_loss=0.00144]INFO:__main__:Step 2250: Test Loss = 0.0412





















































































































































































































































































































































































































































Steps:  26%|██▌       | 2300/8880 [12:04:04<32:31:54, 17.80s/it, lr=0.0001, step_loss=0.00305]INFO:__main__:Step 2300: Test Loss = 0.0221























































































































































































































































































































































































































































Steps:  26%|██▋       | 2350/8880 [12:19:44<31:49:18, 17.54s/it, lr=0.0001, step_loss=0.0015]INFO:__main__:Step 2350: Test Loss = 0.0188






















































































































































































































































































































































































































































Steps:  27%|██▋       | 2400/8880 [12:35:27<31:38:27, 17.58s/it, lr=0.0001, step_loss=0.00107]INFO:__main__:Step 2400: Test Loss = 0.0045
INFO:__main__:Running validation...
 Generating 1 videos.
{'controlnet', 'insert_light', 'multi_frame'} was not found in config. Values will be initialized to default values.
                                                                     {'final_sigmas_type', 'rescale_betas_zero_snr'} was not found in config. Values will be initialized to default values.
Loaded scheduler as EulerDiscreteScheduler from `scheduler` subfolder of stabilityai/stable-video-diffusion-img2vid.
Loaded feature_extractor as CLIPImageProcessor from `feature_extractor` subfolder of stabilityai/stable-video-diffusion-img2vid.
Loading pipeline components...: 100%|██████████| 5/5 [00:00<00:00, 194.39it/s]





















































































































































































































































































































































































































































Steps:  28%|██▊       | 2450/8880 [12:51:18<31:27:18, 17.61s/it, lr=0.0001, step_loss=0.00115]INFO:__main__:Step 2450: Test Loss = 0.0100























































































































































































































































































































































































































































Steps:  28%|██▊       | 2500/8880 [13:06:59<31:11:49, 17.60s/it, lr=0.0001, step_loss=0.00198]INFO:__main__:Step 2500: Test Loss = 0.0258
INFO:accelerate.accelerator:Saving current state to /fs/nexus-scratch/sjxu/Model_out/model_add_ligh_2_change_HD/checkpoint-2500
Configuration saved in /fs/nexus-scratch/sjxu/Model_out/model_add_ligh_2_change_HD/checkpoint-2500/controlnet/config.json
Model weights saved in /fs/nexus-scratch/sjxu/Model_out/model_add_ligh_2_change_HD/checkpoint-2500/controlnet/diffusion_pytorch_model.safetensors
Configuration saved in /fs/nexus-scratch/sjxu/Model_out/model_add_ligh_2_change_HD/checkpoint-2500/controlnet/config.json
Model weights saved in /fs/nexus-scratch/sjxu/Model_out/model_add_ligh_2_change_HD/checkpoint-2500/controlnet/diffusion_pytorch_model.safetensors
INFO:accelerate.checkpointing:Optimizer state saved in /fs/nexus-scratch/sjxu/Model_out/model_add_ligh_2_change_HD/checkpoint-2500/optimizer.bin
INFO:accelerate.checkpointing:Scheduler state saved in /fs/nexus-scratch/sjxu/Model_out/model_add_ligh_2_change_HD/checkpoint-2500/scheduler.bin
INFO:accelerate.checkpointing:Sampler state for dataloader 0 saved in /fs/nexus-scratch/sjxu/Model_out/model_add_ligh_2_change_HD/checkpoint-2500/sampler.bin
INFO:accelerate.checkpointing:Gradient scaler state saved in /fs/nexus-scratch/sjxu/Model_out/model_add_ligh_2_change_HD/checkpoint-2500/scaler.pt
INFO:accelerate.checkpointing:Random states saved in /fs/nexus-scratch/sjxu/Model_out/model_add_ligh_2_change_HD/checkpoint-2500/random_states_0.pkl
INFO:__main__:Saved state to /fs/nexus-scratch/sjxu/Model_out/model_add_ligh_2_change_HD/checkpoint-2500





















































































































































































































































































































































































































































Steps:  29%|██▊       | 2550/8880 [13:23:04<30:52:52, 17.56s/it, lr=0.0001, step_loss=0.00108]INFO:__main__:Step 2550: Test Loss = 0.0094





















































































































































































































































































































































































































































Steps:  29%|██▉       | 2600/8880 [13:38:45<30:27:27, 17.46s/it, lr=0.0001, step_loss=0.00465]INFO:__main__:Step 2600: Test Loss = 0.0135
INFO:__main__:Running validation...
 Generating 1 videos.
{'controlnet', 'insert_light', 'multi_frame'} was not found in config. Values will be initialized to default values.
                                                                     {'final_sigmas_type', 'rescale_betas_zero_snr'} was not found in config. Values will be initialized to default values.
Loaded scheduler as EulerDiscreteScheduler from `scheduler` subfolder of stabilityai/stable-video-diffusion-img2vid.
Loaded feature_extractor as CLIPImageProcessor from `feature_extractor` subfolder of stabilityai/stable-video-diffusion-img2vid.
Loading pipeline components...: 100%|██████████| 5/5 [00:00<00:00, 210.24it/s]






















































































































































































































































































































































































































































Steps:  30%|██▉       | 2650/8880 [13:54:31<30:19:39, 17.52s/it, lr=0.0001, step_loss=0.00224]INFO:__main__:Step 2650: Test Loss = 0.0407




















































































































































































































































































































































































































































Steps:  30%|███       | 2700/8880 [14:10:13<29:59:25, 17.47s/it, lr=0.0001, step_loss=0.00462]INFO:__main__:Step 2700: Test Loss = 0.0253























































































































































































































































































































































































































































Steps:  31%|███       | 2750/8880 [14:25:57<30:04:13, 17.66s/it, lr=0.0001, step_loss=0.00113]INFO:__main__:Step 2750: Test Loss = 0.0207
























































































































































































































































































































































































































































Steps:  32%|███▏      | 2800/8880 [14:41:39<29:47:56, 17.64s/it, lr=0.0001, step_loss=0.00237]INFO:__main__:Step 2800: Test Loss = 0.0179
INFO:__main__:Running validation...
 Generating 1 videos.
{'controlnet', 'insert_light', 'multi_frame'} was not found in config. Values will be initialized to default values.
                                                                     {'final_sigmas_type', 'rescale_betas_zero_snr'} was not found in config. Values will be initialized to default values.
Loaded scheduler as EulerDiscreteScheduler from `scheduler` subfolder of stabilityai/stable-video-diffusion-img2vid.
Loaded feature_extractor as CLIPImageProcessor from `feature_extractor` subfolder of stabilityai/stable-video-diffusion-img2vid.
Loading pipeline components...: 100%|██████████| 5/5 [00:00<00:00, 103.29it/s]





















































































































































































































































































































































































































































Steps:  32%|███▏      | 2850/8880 [14:57:31<29:29:58, 17.61s/it, lr=0.0001, step_loss=0.103]INFO:__main__:Step 2850: Test Loss = 0.0258





















































































































































































































































































































































































































































Steps:  33%|███▎      | 2900/8880 [15:13:12<29:12:49, 17.59s/it, lr=0.0001, step_loss=0.000759]INFO:__main__:Step 2900: Test Loss = 0.0094























































































































































































































































































































































































































































Steps:  33%|███▎      | 2950/8880 [15:28:54<29:10:46, 17.71s/it, lr=0.0001, step_loss=0.00175]INFO:__main__:Step 2950: Test Loss = 0.0034




















































































































































































































































































































































































































































Steps:  34%|███▍      | 3000/8880 [15:44:34<28:32:17, 17.47s/it, lr=0.0001, step_loss=0.00403]INFO:__main__:Step 3000: Test Loss = 0.0318
INFO:__main__:5 checkpoints already exist, removing 1 checkpoints
INFO:__main__:removing checkpoints: checkpoint-500
INFO:accelerate.accelerator:Saving current state to /fs/nexus-scratch/sjxu/Model_out/model_add_ligh_2_change_HD/checkpoint-3000
Configuration saved in /fs/nexus-scratch/sjxu/Model_out/model_add_ligh_2_change_HD/checkpoint-3000/controlnet/config.json
Model weights saved in /fs/nexus-scratch/sjxu/Model_out/model_add_ligh_2_change_HD/checkpoint-3000/controlnet/diffusion_pytorch_model.safetensors
Configuration saved in /fs/nexus-scratch/sjxu/Model_out/model_add_ligh_2_change_HD/checkpoint-3000/controlnet/config.json
Traceback (most recent call last):
  File "/fs/nexus-scratch/sjxu/svd-temporal-controlnet/train_svd_controlnet.py", line 2005, in <module>
    main()
  File "/fs/nexus-scratch/sjxu/svd-temporal-controlnet/train_svd_controlnet.py", line 1807, in main
    accelerator.save_state(save_path)
  File "/fs/nexus-scratch/sjxu/miniconda3/envs/svd_control/lib/python3.9/site-packages/accelerate/accelerator.py", line 2987, in save_state
    hook(self._models, weights, output_dir)
  File "/fs/nexus-scratch/sjxu/svd-temporal-controlnet/train_svd_controlnet.py", line 1066, in save_model_hook
    model.save_pretrained(os.path.join(output_dir, "controlnet"))
  File "/fs/nexus-scratch/sjxu/miniconda3/envs/svd_control/lib/python3.9/site-packages/diffusers/models/modeling_utils.py", line 372, in save_pretrained
    safetensors.torch.save_file(shard, filepath, metadata={"format": "pt"})
  File "/fs/nexus-scratch/sjxu/miniconda3/envs/svd_control/lib/python3.9/site-packages/safetensors/torch.py", line 286, in save_file
    serialize_file(_flatten(tensors), filename, metadata=metadata)
safetensors_rust.SafetensorError: Error while serializing: IoError(Os { code: 122, kind: FilesystemQuotaExceeded, message: "Disk quota exceeded" })
[rank0]: Traceback (most recent call last):
[rank0]:   File "/fs/nexus-scratch/sjxu/svd-temporal-controlnet/train_svd_controlnet.py", line 2005, in <module>
[rank0]:     main()
[rank0]:   File "/fs/nexus-scratch/sjxu/svd-temporal-controlnet/train_svd_controlnet.py", line 1807, in main
[rank0]:     accelerator.save_state(save_path)
[rank0]:   File "/fs/nexus-scratch/sjxu/miniconda3/envs/svd_control/lib/python3.9/site-packages/accelerate/accelerator.py", line 2987, in save_state
[rank0]:     hook(self._models, weights, output_dir)
[rank0]:   File "/fs/nexus-scratch/sjxu/svd-temporal-controlnet/train_svd_controlnet.py", line 1066, in save_model_hook
[rank0]:     model.save_pretrained(os.path.join(output_dir, "controlnet"))
[rank0]:   File "/fs/nexus-scratch/sjxu/miniconda3/envs/svd_control/lib/python3.9/site-packages/diffusers/models/modeling_utils.py", line 372, in save_pretrained
[rank0]:     safetensors.torch.save_file(shard, filepath, metadata={"format": "pt"})
[rank0]:   File "/fs/nexus-scratch/sjxu/miniconda3/envs/svd_control/lib/python3.9/site-packages/safetensors/torch.py", line 286, in save_file
[rank0]:     serialize_file(_flatten(tensors), filename, metadata=metadata)
[rank0]: safetensors_rust.SafetensorError: Error while serializing: IoError(Os { code: 122, kind: FilesystemQuotaExceeded, message: "Disk quota exceeded" })