INFO:__main__:***** Running training *****
INFO:__main__:  Num examples = 4728
INFO:__main__:  Num Epochs = 120
INFO:__main__:  Instantaneous batch size per device = 1
INFO:__main__:  Total train batch size (w. parallel, distributed & accumulation) = 32
INFO:__main__:  Gradient Accumulation steps = 16
INFO:__main__:  Total optimization steps = 17760





Steps:   0%|                                                         | 1/17760 [00:14<72:46:49, 14.75s/it, lr=0.0001, step_loss=0.295]INFO:__main__:Running validation...
 Generating 1 videos.
{'insert_light', 'multi_frame', 'controlnet'} was not found in config. Values will be initialized to default values.
                                                                                                                                      {'rescale_betas_zero_snr', 'final_sigmas_type'} was not found in config. Values will be initialized to default values.
Loaded scheduler as EulerDiscreteScheduler from `scheduler` subfolder of stabilityai/stable-video-diffusion-img2vid.5 [00:00<?, ?it/s]
Loaded feature_extractor as CLIPImageProcessor from `feature_extractor` subfolder of stabilityai/stable-video-diffusion-img2vid.
Loading pipeline components...: 100%|â–ˆâ–ˆâ–ˆâ–ˆâ–ˆâ–ˆâ–ˆâ–ˆâ–ˆâ–ˆâ–ˆâ–ˆâ–ˆâ–ˆâ–ˆâ–ˆâ–ˆâ–ˆâ–ˆâ–ˆâ–ˆâ–ˆâ–ˆâ–ˆâ–ˆâ–ˆâ–ˆâ–ˆâ–ˆâ–ˆâ–ˆâ–ˆâ–ˆâ–ˆâ–ˆâ–ˆâ–ˆâ–ˆâ–ˆâ–ˆâ–ˆâ–ˆâ–ˆâ–ˆâ–ˆâ–ˆâ–ˆâ–ˆâ–ˆâ–ˆâ–ˆâ–ˆâ–ˆâ–ˆâ–ˆâ–ˆâ–ˆâ–ˆâ–ˆâ–ˆâ–ˆâ–ˆâ–ˆâ–ˆâ–ˆâ–ˆ| 5/5 [00:00<00:00, 179.90it/s]
INFO:numexpr.utils:Note: NumExpr detected 24 cores but "NUMEXPR_MAX_THREADS" not set, so enforcing safe limit of 8.































































































































































































































































































Steps:   0%|â–                                                      | 50/17760 [09:57<57:29:48, 11.69s/it, lr=0.0001, step_loss=0.0948]INFO:__main__:Step 50: Test Loss = 0.1490

































































































































































































































































































Steps:   1%|â–Ž                                                     | 100/17760 [19:45<56:40:46, 11.55s/it, lr=0.0001, step_loss=0.0834]INFO:__main__:Step 100: Test Loss = 0.1305


































































































































































































































































































Steps:   1%|â–                                                      | 150/17760 [29:35<57:16:09, 11.71s/it, lr=0.0001, step_loss=0.107]INFO:__main__:Step 150: Test Loss = 0.1220




































































































































































































































































































Steps:   1%|â–Œ                                                     | 200/17760 [39:27<57:13:29, 11.73s/it, lr=0.0001, step_loss=0.0629]INFO:__main__:Step 200: Test Loss = 0.1224
INFO:__main__:Running validation...
 Generating 1 videos.
{'insert_light', 'multi_frame', 'controlnet'} was not found in config. Values will be initialized to default values.
                                                                                                                                      {'rescale_betas_zero_snr', 'final_sigmas_type'} was not found in config. Values will be initialized to default values.
Loaded scheduler as EulerDiscreteScheduler from `scheduler` subfolder of stabilityai/stable-video-diffusion-img2vid.5 [00:00<?, ?it/s]
Loaded feature_extractor as CLIPImageProcessor from `feature_extractor` subfolder of stabilityai/stable-video-diffusion-img2vid.
Loading pipeline components...: 100%|â–ˆâ–ˆâ–ˆâ–ˆâ–ˆâ–ˆâ–ˆâ–ˆâ–ˆâ–ˆâ–ˆâ–ˆâ–ˆâ–ˆâ–ˆâ–ˆâ–ˆâ–ˆâ–ˆâ–ˆâ–ˆâ–ˆâ–ˆâ–ˆâ–ˆâ–ˆâ–ˆâ–ˆâ–ˆâ–ˆâ–ˆâ–ˆâ–ˆâ–ˆâ–ˆâ–ˆâ–ˆâ–ˆâ–ˆâ–ˆâ–ˆâ–ˆâ–ˆâ–ˆâ–ˆâ–ˆâ–ˆâ–ˆâ–ˆâ–ˆâ–ˆâ–ˆâ–ˆâ–ˆâ–ˆâ–ˆâ–ˆâ–ˆâ–ˆâ–ˆâ–ˆâ–ˆâ–ˆâ–ˆâ–ˆâ–ˆ| 5/5 [00:00<00:00, 249.43it/s]




































































































































































































































































































Steps:   1%|â–Š                                                      | 250/17760 [49:31<57:03:46, 11.73s/it, lr=0.0001, step_loss=0.126]INFO:__main__:Step 250: Test Loss = 0.0978



































































































































































































































































































Steps:   2%|â–‰                                                      | 300/17760 [59:26<57:09:05, 11.78s/it, lr=0.0001, step_loss=0.105]INFO:__main__:Step 300: Test Loss = 0.1175


































































































































































































































































































Steps:   2%|â–ˆ                                                   | 350/17760 [1:09:16<55:45:37, 11.53s/it, lr=0.0001, step_loss=0.0727]INFO:__main__:Step 350: Test Loss = 0.1451



































































































































































































































































































Steps:   2%|â–ˆâ–                                                  | 400/17760 [1:19:09<56:14:45, 11.66s/it, lr=0.0001, step_loss=0.0731]INFO:__main__:Step 400: Test Loss = 0.1093
INFO:__main__:Running validation...
 Generating 1 videos.
{'insert_light', 'multi_frame', 'controlnet'} was not found in config. Values will be initialized to default values.
                                                                                                                                      {'rescale_betas_zero_snr', 'final_sigmas_type'} was not found in config. Values will be initialized to default values.
Loaded scheduler as EulerDiscreteScheduler from `scheduler` subfolder of stabilityai/stable-video-diffusion-img2vid.5 [00:00<?, ?it/s]
Loaded feature_extractor as CLIPImageProcessor from `feature_extractor` subfolder of stabilityai/stable-video-diffusion-img2vid.
Loading pipeline components...: 100%|â–ˆâ–ˆâ–ˆâ–ˆâ–ˆâ–ˆâ–ˆâ–ˆâ–ˆâ–ˆâ–ˆâ–ˆâ–ˆâ–ˆâ–ˆâ–ˆâ–ˆâ–ˆâ–ˆâ–ˆâ–ˆâ–ˆâ–ˆâ–ˆâ–ˆâ–ˆâ–ˆâ–ˆâ–ˆâ–ˆâ–ˆâ–ˆâ–ˆâ–ˆâ–ˆâ–ˆâ–ˆâ–ˆâ–ˆâ–ˆâ–ˆâ–ˆâ–ˆâ–ˆâ–ˆâ–ˆâ–ˆâ–ˆâ–ˆâ–ˆâ–ˆâ–ˆâ–ˆâ–ˆâ–ˆâ–ˆâ–ˆâ–ˆâ–ˆâ–ˆâ–ˆâ–ˆâ–ˆâ–ˆâ–ˆâ–ˆ| 5/5 [00:00<00:00, 247.72it/s]



































































































































































































































































































Steps:   3%|â–ˆâ–Ž                                                  | 450/17760 [1:29:12<56:27:23, 11.74s/it, lr=0.0001, step_loss=0.0974]INFO:__main__:Step 450: Test Loss = 0.1317




































































































































































































































































































Steps:   3%|â–ˆâ–                                                  | 500/17760 [1:39:08<55:22:05, 11.55s/it, lr=0.0001, step_loss=0.0456]INFO:__main__:Step 500: Test Loss = 0.1373
INFO:accelerate.accelerator:Saving current state to /sdb5/Model_out/model_add_ligh_3/checkpoint-500
Configuration saved in /sdb5/Model_out/model_add_ligh_3/checkpoint-500/controlnet/config.json
Model weights saved in /sdb5/Model_out/model_add_ligh_3/checkpoint-500/controlnet/diffusion_pytorch_model.safetensors
Configuration saved in /sdb5/Model_out/model_add_ligh_3/checkpoint-500/controlnet/config.json
Model weights saved in /sdb5/Model_out/model_add_ligh_3/checkpoint-500/controlnet/diffusion_pytorch_model.safetensors
INFO:accelerate.checkpointing:Optimizer state saved in /sdb5/Model_out/model_add_ligh_3/checkpoint-500/optimizer.bin
INFO:accelerate.checkpointing:Scheduler state saved in /sdb5/Model_out/model_add_ligh_3/checkpoint-500/scheduler.bin
INFO:accelerate.checkpointing:Sampler state for dataloader 0 saved in /sdb5/Model_out/model_add_ligh_3/checkpoint-500/sampler.bin
INFO:accelerate.checkpointing:Gradient scaler state saved in /sdb5/Model_out/model_add_ligh_3/checkpoint-500/scaler.pt
INFO:accelerate.checkpointing:Random states saved in /sdb5/Model_out/model_add_ligh_3/checkpoint-500/random_states_0.pkl
INFO:__main__:Saved state to /sdb5/Model_out/model_add_ligh_3/checkpoint-500






































































































































































































































































































Steps:   3%|â–ˆâ–‹                                                   | 550/17760 [1:49:25<55:55:15, 11.70s/it, lr=0.0001, step_loss=0.121]INFO:__main__:Step 550: Test Loss = 0.0999
































































































































































































































































































Steps:   3%|â–ˆâ–Š                                                  | 600/17760 [1:59:15<56:04:40, 11.76s/it, lr=0.0001, step_loss=0.0679]INFO:__main__:Step 600: Test Loss = 0.1359
INFO:__main__:Running validation...
 Generating 1 videos.
{'insert_light', 'multi_frame', 'controlnet'} was not found in config. Values will be initialized to default values.
                                                                                                                                      {'rescale_betas_zero_snr', 'final_sigmas_type'} was not found in config. Values will be initialized to default values.
Loaded scheduler as EulerDiscreteScheduler from `scheduler` subfolder of stabilityai/stable-video-diffusion-img2vid.5 [00:00<?, ?it/s]
Loaded feature_extractor as CLIPImageProcessor from `feature_extractor` subfolder of stabilityai/stable-video-diffusion-img2vid.
Loading pipeline components...: 100%|â–ˆâ–ˆâ–ˆâ–ˆâ–ˆâ–ˆâ–ˆâ–ˆâ–ˆâ–ˆâ–ˆâ–ˆâ–ˆâ–ˆâ–ˆâ–ˆâ–ˆâ–ˆâ–ˆâ–ˆâ–ˆâ–ˆâ–ˆâ–ˆâ–ˆâ–ˆâ–ˆâ–ˆâ–ˆâ–ˆâ–ˆâ–ˆâ–ˆâ–ˆâ–ˆâ–ˆâ–ˆâ–ˆâ–ˆâ–ˆâ–ˆâ–ˆâ–ˆâ–ˆâ–ˆâ–ˆâ–ˆâ–ˆâ–ˆâ–ˆâ–ˆâ–ˆâ–ˆâ–ˆâ–ˆâ–ˆâ–ˆâ–ˆâ–ˆâ–ˆâ–ˆâ–ˆâ–ˆâ–ˆâ–ˆâ–ˆ| 5/5 [00:00<00:00, 250.16it/s]

Steps:   3%|â–ˆâ–Š                                                  | 600/17760 [1:59:37<56:04:40, 11.76s/it, lr=0.0001, step_loss=0.0894][34m[1mwandb[39m[22m: Network error resolved after 0:00:01.193450, resuming normal operation.


































































































































































































































































































Steps:   4%|â–ˆâ–‰                                                  | 650/17760 [2:09:18<55:33:03, 11.69s/it, lr=0.0001, step_loss=0.0688]INFO:__main__:Step 650: Test Loss = 0.1398




































































































































































































































































































Steps:   4%|â–ˆâ–ˆ                                                  | 700/17760 [2:19:14<55:24:13, 11.69s/it, lr=0.0001, step_loss=0.0607]INFO:__main__:Step 700: Test Loss = 0.0857


































































































































































































































































































Steps:   4%|â–ˆâ–ˆâ–                                                 | 750/17760 [2:29:04<54:56:08, 11.63s/it, lr=0.0001, step_loss=0.0515]INFO:__main__:Step 750: Test Loss = 0.1106

































































































































































































































































































Steps:   5%|â–ˆâ–ˆâ–                                                  | 800/17760 [2:38:54<54:35:05, 11.59s/it, lr=0.0001, step_loss=0.112]INFO:__main__:Step 800: Test Loss = 0.0916
INFO:__main__:Running validation...
 Generating 1 videos.
{'insert_light', 'multi_frame', 'controlnet'} was not found in config. Values will be initialized to default values.
                                                                                                                                      {'rescale_betas_zero_snr', 'final_sigmas_type'} was not found in config. Values will be initialized to default values.
Loaded scheduler as EulerDiscreteScheduler from `scheduler` subfolder of stabilityai/stable-video-diffusion-img2vid.5 [00:00<?, ?it/s]
Loaded feature_extractor as CLIPImageProcessor from `feature_extractor` subfolder of stabilityai/stable-video-diffusion-img2vid.
Loading pipeline components...: 100%|â–ˆâ–ˆâ–ˆâ–ˆâ–ˆâ–ˆâ–ˆâ–ˆâ–ˆâ–ˆâ–ˆâ–ˆâ–ˆâ–ˆâ–ˆâ–ˆâ–ˆâ–ˆâ–ˆâ–ˆâ–ˆâ–ˆâ–ˆâ–ˆâ–ˆâ–ˆâ–ˆâ–ˆâ–ˆâ–ˆâ–ˆâ–ˆâ–ˆâ–ˆâ–ˆâ–ˆâ–ˆâ–ˆâ–ˆâ–ˆâ–ˆâ–ˆâ–ˆâ–ˆâ–ˆâ–ˆâ–ˆâ–ˆâ–ˆâ–ˆâ–ˆâ–ˆâ–ˆâ–ˆâ–ˆâ–ˆâ–ˆâ–ˆâ–ˆâ–ˆâ–ˆâ–ˆâ–ˆâ–ˆâ–ˆâ–ˆ| 5/5 [00:00<00:00, 247.02it/s]


































































































































































































































































































Steps:   5%|â–ˆâ–ˆâ–Œ                                                  | 850/17760 [2:48:53<54:31:50, 11.61s/it, lr=0.0001, step_loss=0.184]INFO:__main__:Step 850: Test Loss = 0.1028

































































































































































































































































































Steps:   5%|â–ˆâ–ˆâ–‹                                                 | 900/17760 [2:58:41<54:41:54, 11.68s/it, lr=0.0001, step_loss=0.0703]INFO:__main__:Step 900: Test Loss = 0.1110


































































































































































































































































































Steps:   5%|â–ˆâ–ˆâ–Š                                                 | 950/17760 [3:08:32<54:04:20, 11.58s/it, lr=0.0001, step_loss=0.0681]INFO:__main__:Step 950: Test Loss = 0.0894

































































































































































































































































































Steps:   6%|â–ˆâ–ˆâ–‰                                                 | 1000/17760 [3:18:21<54:13:05, 11.65s/it, lr=0.0001, step_loss=0.102]INFO:__main__:Step 1000: Test Loss = 0.0960
INFO:accelerate.accelerator:Saving current state to /sdb5/Model_out/model_add_ligh_3/checkpoint-1000
Configuration saved in /sdb5/Model_out/model_add_ligh_3/checkpoint-1000/controlnet/config.json
Model weights saved in /sdb5/Model_out/model_add_ligh_3/checkpoint-1000/controlnet/diffusion_pytorch_model.safetensors
Configuration saved in /sdb5/Model_out/model_add_ligh_3/checkpoint-1000/controlnet/config.json
Model weights saved in /sdb5/Model_out/model_add_ligh_3/checkpoint-1000/controlnet/diffusion_pytorch_model.safetensors
INFO:accelerate.checkpointing:Optimizer state saved in /sdb5/Model_out/model_add_ligh_3/checkpoint-1000/optimizer.bin
INFO:accelerate.checkpointing:Scheduler state saved in /sdb5/Model_out/model_add_ligh_3/checkpoint-1000/scheduler.bin
INFO:accelerate.checkpointing:Sampler state for dataloader 0 saved in /sdb5/Model_out/model_add_ligh_3/checkpoint-1000/sampler.bin
INFO:accelerate.checkpointing:Gradient scaler state saved in /sdb5/Model_out/model_add_ligh_3/checkpoint-1000/scaler.pt
INFO:accelerate.checkpointing:Random states saved in /sdb5/Model_out/model_add_ligh_3/checkpoint-1000/random_states_0.pkl
INFO:__main__:Saved state to /sdb5/Model_out/model_add_ligh_3/checkpoint-1000
INFO:__main__:Running validation...
 Generating 1 videos.
{'insert_light', 'multi_frame', 'controlnet'} was not found in config. Values will be initialized to default values.
                                                                                                                                      {'rescale_betas_zero_snr', 'final_sigmas_type'} was not found in config. Values will be initialized to default values.
Loaded scheduler as EulerDiscreteScheduler from `scheduler` subfolder of stabilityai/stable-video-diffusion-img2vid.5 [00:00<?, ?it/s]
Loaded feature_extractor as CLIPImageProcessor from `feature_extractor` subfolder of stabilityai/stable-video-diffusion-img2vid.
Loading pipeline components...: 100%|â–ˆâ–ˆâ–ˆâ–ˆâ–ˆâ–ˆâ–ˆâ–ˆâ–ˆâ–ˆâ–ˆâ–ˆâ–ˆâ–ˆâ–ˆâ–ˆâ–ˆâ–ˆâ–ˆâ–ˆâ–ˆâ–ˆâ–ˆâ–ˆâ–ˆâ–ˆâ–ˆâ–ˆâ–ˆâ–ˆâ–ˆâ–ˆâ–ˆâ–ˆâ–ˆâ–ˆâ–ˆâ–ˆâ–ˆâ–ˆâ–ˆâ–ˆâ–ˆâ–ˆâ–ˆâ–ˆâ–ˆâ–ˆâ–ˆâ–ˆâ–ˆâ–ˆâ–ˆâ–ˆâ–ˆâ–ˆâ–ˆâ–ˆâ–ˆâ–ˆâ–ˆâ–ˆâ–ˆâ–ˆâ–ˆâ–ˆ| 5/5 [00:00<00:00, 261.44it/s]






























































































































































































































































































Steps:   6%|â–ˆâ–ˆâ–ˆ                                                 | 1050/17760 [3:28:31<54:13:41, 11.68s/it, lr=0.0001, step_loss=0.257]INFO:__main__:Step 1050: Test Loss = 0.1030
































































































































































































































































































Steps:   6%|â–ˆâ–ˆâ–ˆâ–                                               | 1100/17760 [3:38:17<53:07:08, 11.48s/it, lr=0.0001, step_loss=0.0734]INFO:__main__:Step 1100: Test Loss = 0.0845
































































































































































































































































































Steps:   6%|â–ˆâ–ˆâ–ˆâ–Ž                                               | 1150/17760 [3:48:01<52:54:54, 11.47s/it, lr=0.0001, step_loss=0.0589]INFO:__main__:Step 1150: Test Loss = 0.0947































































































































































































































































































Steps:   7%|â–ˆâ–ˆâ–ˆâ–                                               | 1200/17760 [3:57:47<53:23:26, 11.61s/it, lr=0.0001, step_loss=0.0729]INFO:__main__:Step 1200: Test Loss = 0.1128
INFO:__main__:Running validation...
 Generating 1 videos.
{'insert_light', 'multi_frame', 'controlnet'} was not found in config. Values will be initialized to default values.
                                                                                                                                      {'rescale_betas_zero_snr', 'final_sigmas_type'} was not found in config. Values will be initialized to default values.
Loaded scheduler as EulerDiscreteScheduler from `scheduler` subfolder of stabilityai/stable-video-diffusion-img2vid.5 [00:00<?, ?it/s]
Loaded feature_extractor as CLIPImageProcessor from `feature_extractor` subfolder of stabilityai/stable-video-diffusion-img2vid.
Loading pipeline components...: 100%|â–ˆâ–ˆâ–ˆâ–ˆâ–ˆâ–ˆâ–ˆâ–ˆâ–ˆâ–ˆâ–ˆâ–ˆâ–ˆâ–ˆâ–ˆâ–ˆâ–ˆâ–ˆâ–ˆâ–ˆâ–ˆâ–ˆâ–ˆâ–ˆâ–ˆâ–ˆâ–ˆâ–ˆâ–ˆâ–ˆâ–ˆâ–ˆâ–ˆâ–ˆâ–ˆâ–ˆâ–ˆâ–ˆâ–ˆâ–ˆâ–ˆâ–ˆâ–ˆâ–ˆâ–ˆâ–ˆâ–ˆâ–ˆâ–ˆâ–ˆâ–ˆâ–ˆâ–ˆâ–ˆâ–ˆâ–ˆâ–ˆâ–ˆâ–ˆâ–ˆâ–ˆâ–ˆâ–ˆâ–ˆâ–ˆâ–ˆ| 5/5 [00:00<00:00, 253.85it/s]
































































































































































































































































































Steps:   7%|â–ˆâ–ˆâ–ˆâ–Œ                                               | 1250/17760 [4:07:43<52:55:19, 11.54s/it, lr=0.0001, step_loss=0.0902]INFO:__main__:Step 1250: Test Loss = 0.1310































































































































































































































































































Steps:   7%|â–ˆâ–ˆâ–ˆâ–‹                                               | 1300/17760 [4:17:29<52:37:37, 11.51s/it, lr=0.0001, step_loss=0.0427]INFO:__main__:Step 1300: Test Loss = 0.1055



































































































































































































































































































Steps:   8%|â–ˆâ–ˆâ–ˆâ–‰                                               | 1350/17760 [4:27:21<53:27:04, 11.73s/it, lr=0.0001, step_loss=0.0529]INFO:__main__:Step 1350: Test Loss = 0.1014
































































































































































































































































































Steps:   8%|â–ˆâ–ˆâ–ˆâ–ˆ                                               | 1400/17760 [4:37:08<52:07:51, 11.47s/it, lr=0.0001, step_loss=0.0873]INFO:__main__:Step 1400: Test Loss = 0.1395
INFO:__main__:Running validation...
 Generating 1 videos.
{'insert_light', 'multi_frame', 'controlnet'} was not found in config. Values will be initialized to default values.
                                                                                                                                      {'rescale_betas_zero_snr', 'final_sigmas_type'} was not found in config. Values will be initialized to default values.
Loaded scheduler as EulerDiscreteScheduler from `scheduler` subfolder of stabilityai/stable-video-diffusion-img2vid.5 [00:00<?, ?it/s]
Loaded feature_extractor as CLIPImageProcessor from `feature_extractor` subfolder of stabilityai/stable-video-diffusion-img2vid.
Loading pipeline components...: 100%|â–ˆâ–ˆâ–ˆâ–ˆâ–ˆâ–ˆâ–ˆâ–ˆâ–ˆâ–ˆâ–ˆâ–ˆâ–ˆâ–ˆâ–ˆâ–ˆâ–ˆâ–ˆâ–ˆâ–ˆâ–ˆâ–ˆâ–ˆâ–ˆâ–ˆâ–ˆâ–ˆâ–ˆâ–ˆâ–ˆâ–ˆâ–ˆâ–ˆâ–ˆâ–ˆâ–ˆâ–ˆâ–ˆâ–ˆâ–ˆâ–ˆâ–ˆâ–ˆâ–ˆâ–ˆâ–ˆâ–ˆâ–ˆâ–ˆâ–ˆâ–ˆâ–ˆâ–ˆâ–ˆâ–ˆâ–ˆâ–ˆâ–ˆâ–ˆâ–ˆâ–ˆâ–ˆâ–ˆâ–ˆâ–ˆâ–ˆ| 5/5 [00:00<00:00, 246.10it/s]































































































































































































































































































Steps:   8%|â–ˆâ–ˆâ–ˆâ–ˆâ–                                              | 1450/17760 [4:47:02<52:18:12, 11.54s/it, lr=0.0001, step_loss=0.0784]INFO:__main__:Step 1450: Test Loss = 0.1285
































































































































































































































































































Steps:   8%|â–ˆâ–ˆâ–ˆâ–ˆâ–                                               | 1500/17760 [4:56:47<52:34:41, 11.64s/it, lr=0.0001, step_loss=0.129]INFO:__main__:Step 1500: Test Loss = 0.1613
INFO:accelerate.accelerator:Saving current state to /sdb5/Model_out/model_add_ligh_3/checkpoint-1500
Configuration saved in /sdb5/Model_out/model_add_ligh_3/checkpoint-1500/controlnet/config.json
Model weights saved in /sdb5/Model_out/model_add_ligh_3/checkpoint-1500/controlnet/diffusion_pytorch_model.safetensors
Configuration saved in /sdb5/Model_out/model_add_ligh_3/checkpoint-1500/controlnet/config.json
Model weights saved in /sdb5/Model_out/model_add_ligh_3/checkpoint-1500/controlnet/diffusion_pytorch_model.safetensors
INFO:accelerate.checkpointing:Optimizer state saved in /sdb5/Model_out/model_add_ligh_3/checkpoint-1500/optimizer.bin
INFO:accelerate.checkpointing:Scheduler state saved in /sdb5/Model_out/model_add_ligh_3/checkpoint-1500/scheduler.bin
INFO:accelerate.checkpointing:Sampler state for dataloader 0 saved in /sdb5/Model_out/model_add_ligh_3/checkpoint-1500/sampler.bin
INFO:accelerate.checkpointing:Gradient scaler state saved in /sdb5/Model_out/model_add_ligh_3/checkpoint-1500/scaler.pt
INFO:accelerate.checkpointing:Random states saved in /sdb5/Model_out/model_add_ligh_3/checkpoint-1500/random_states_0.pkl
INFO:__main__:Saved state to /sdb5/Model_out/model_add_ligh_3/checkpoint-1500
































































































































































































































































































Steps:   9%|â–ˆâ–ˆâ–ˆâ–ˆâ–                                              | 1550/17760 [5:06:51<51:47:06, 11.50s/it, lr=0.0001, step_loss=0.0487]INFO:__main__:Step 1550: Test Loss = 0.0932






























































































































































































































































































Steps:   9%|â–ˆâ–ˆâ–ˆâ–ˆâ–Œ                                              | 1600/17760 [5:16:34<51:41:25, 11.52s/it, lr=0.0001, step_loss=0.0926]INFO:__main__:Step 1600: Test Loss = 0.0903
INFO:__main__:Running validation...
 Generating 1 videos.
{'insert_light', 'multi_frame', 'controlnet'} was not found in config. Values will be initialized to default values.
                                                                                                                                      {'rescale_betas_zero_snr', 'final_sigmas_type'} was not found in config. Values will be initialized to default values.
Loaded scheduler as EulerDiscreteScheduler from `scheduler` subfolder of stabilityai/stable-video-diffusion-img2vid.5 [00:00<?, ?it/s]
Loaded feature_extractor as CLIPImageProcessor from `feature_extractor` subfolder of stabilityai/stable-video-diffusion-img2vid.
Loading pipeline components...: 100%|â–ˆâ–ˆâ–ˆâ–ˆâ–ˆâ–ˆâ–ˆâ–ˆâ–ˆâ–ˆâ–ˆâ–ˆâ–ˆâ–ˆâ–ˆâ–ˆâ–ˆâ–ˆâ–ˆâ–ˆâ–ˆâ–ˆâ–ˆâ–ˆâ–ˆâ–ˆâ–ˆâ–ˆâ–ˆâ–ˆâ–ˆâ–ˆâ–ˆâ–ˆâ–ˆâ–ˆâ–ˆâ–ˆâ–ˆâ–ˆâ–ˆâ–ˆâ–ˆâ–ˆâ–ˆâ–ˆâ–ˆâ–ˆâ–ˆâ–ˆâ–ˆâ–ˆâ–ˆâ–ˆâ–ˆâ–ˆâ–ˆâ–ˆâ–ˆâ–ˆâ–ˆâ–ˆâ–ˆâ–ˆâ–ˆâ–ˆ| 5/5 [00:00<00:00, 256.30it/s]































































































































































































































































































Steps:   9%|â–ˆâ–ˆâ–ˆâ–ˆâ–‹                                              | 1650/17760 [5:26:26<51:47:18, 11.57s/it, lr=0.0001, step_loss=0.0525]INFO:__main__:Step 1650: Test Loss = 0.1330






























































































































































































































































































Steps:  10%|â–ˆâ–ˆâ–ˆâ–ˆâ–‰                                              | 1700/17760 [5:36:09<50:56:16, 11.42s/it, lr=0.0001, step_loss=0.0692]INFO:__main__:Step 1700: Test Loss = 0.1043

































































































































































































































































































Steps:  10%|â–ˆâ–ˆâ–ˆâ–ˆâ–ˆ                                              | 1750/17760 [5:45:59<51:20:36, 11.55s/it, lr=0.0001, step_loss=0.0708]INFO:__main__:Step 1750: Test Loss = 0.1054

































































































































































































































































































Steps:  10%|â–ˆâ–ˆâ–ˆâ–ˆâ–ˆâ–                                             | 1800/17760 [5:55:48<51:38:36, 11.65s/it, lr=0.0001, step_loss=0.0569]INFO:__main__:Step 1800: Test Loss = 0.1359
INFO:__main__:Running validation...
 Generating 1 videos.
{'insert_light', 'multi_frame', 'controlnet'} was not found in config. Values will be initialized to default values.
                                                                                                                                                                  {'rescale_betas_zero_snr', 'final_sigmas_type'} was not found in config. Values will be initialized to default values.
Loaded scheduler as EulerDiscreteScheduler from `scheduler` subfolder of stabilityai/stable-video-diffusion-img2vid.                        | 0/5 [00:00<?, ?it/s]
Loaded feature_extractor as CLIPImageProcessor from `feature_extractor` subfolder of stabilityai/stable-video-diffusion-img2vid.
Loading pipeline components...: 100%|â–ˆâ–ˆâ–ˆâ–ˆâ–ˆâ–ˆâ–ˆâ–ˆâ–ˆâ–ˆâ–ˆâ–ˆâ–ˆâ–ˆâ–ˆâ–ˆâ–ˆâ–ˆâ–ˆâ–ˆâ–ˆâ–ˆâ–ˆâ–ˆâ–ˆâ–ˆâ–ˆâ–ˆâ–ˆâ–ˆâ–ˆâ–ˆâ–ˆâ–ˆâ–ˆâ–ˆâ–ˆâ–ˆâ–ˆâ–ˆâ–ˆâ–ˆâ–ˆâ–ˆâ–ˆâ–ˆâ–ˆâ–ˆâ–ˆâ–ˆâ–ˆâ–ˆâ–ˆâ–ˆâ–ˆâ–ˆâ–ˆâ–ˆâ–ˆâ–ˆâ–ˆâ–ˆâ–ˆâ–ˆâ–ˆâ–ˆâ–ˆâ–ˆâ–ˆâ–ˆâ–ˆâ–ˆâ–ˆâ–ˆâ–ˆâ–ˆâ–ˆâ–ˆâ–ˆâ–ˆâ–ˆâ–ˆâ–ˆâ–ˆâ–ˆâ–ˆâ–ˆâ–ˆâ–ˆâ–ˆâ–ˆâ–ˆâ–ˆâ–ˆ| 5/5 [00:00<00:00, 236.33it/s]































































































































































































































































































Steps:  10%|â–ˆâ–ˆâ–ˆâ–ˆâ–ˆâ–                                              | 1850/17760 [6:05:41<51:08:55, 11.57s/it, lr=0.0001, step_loss=0.089]INFO:__main__:Step 1850: Test Loss = 0.1413































































































































































































































































































Steps:  11%|â–ˆâ–ˆâ–ˆâ–ˆâ–ˆâ–                                             | 1900/17760 [6:15:26<50:44:09, 11.52s/it, lr=0.0001, step_loss=0.0602]INFO:__main__:Step 1900: Test Loss = 0.0989

































































































































































































































































































Steps:  11%|â–ˆâ–ˆâ–ˆâ–ˆâ–ˆâ–Œ                                             | 1950/17760 [6:25:15<51:13:40, 11.66s/it, lr=0.0001, step_loss=0.0315]INFO:__main__:Step 1950: Test Loss = 0.1054

































































































































































































































































































Steps:  11%|â–ˆâ–ˆâ–ˆâ–ˆâ–ˆâ–‹                                             | 2000/17760 [6:35:04<50:44:51, 11.59s/it, lr=0.0001, step_loss=0.0379]INFO:__main__:Step 2000: Test Loss = 0.1029
INFO:accelerate.accelerator:Saving current state to /sdb5/Model_out/model_add_ligh_3/checkpoint-2000
Configuration saved in /sdb5/Model_out/model_add_ligh_3/checkpoint-2000/controlnet/config.json
Model weights saved in /sdb5/Model_out/model_add_ligh_3/checkpoint-2000/controlnet/diffusion_pytorch_model.safetensors
Configuration saved in /sdb5/Model_out/model_add_ligh_3/checkpoint-2000/controlnet/config.json
Model weights saved in /sdb5/Model_out/model_add_ligh_3/checkpoint-2000/controlnet/diffusion_pytorch_model.safetensors
INFO:accelerate.checkpointing:Optimizer state saved in /sdb5/Model_out/model_add_ligh_3/checkpoint-2000/optimizer.bin
INFO:accelerate.checkpointing:Scheduler state saved in /sdb5/Model_out/model_add_ligh_3/checkpoint-2000/scheduler.bin
INFO:accelerate.checkpointing:Sampler state for dataloader 0 saved in /sdb5/Model_out/model_add_ligh_3/checkpoint-2000/sampler.bin
INFO:accelerate.checkpointing:Gradient scaler state saved in /sdb5/Model_out/model_add_ligh_3/checkpoint-2000/scaler.pt
INFO:accelerate.checkpointing:Random states saved in /sdb5/Model_out/model_add_ligh_3/checkpoint-2000/random_states_0.pkl
INFO:__main__:Saved state to /sdb5/Model_out/model_add_ligh_3/checkpoint-2000
INFO:__main__:Running validation...
 Generating 1 videos.
{'insert_light', 'multi_frame', 'controlnet'} was not found in config. Values will be initialized to default values.
                                                                                                                                                                  {'rescale_betas_zero_snr', 'final_sigmas_type'} was not found in config. Values will be initialized to default values.
Loaded scheduler as EulerDiscreteScheduler from `scheduler` subfolder of stabilityai/stable-video-diffusion-img2vid.                        | 0/5 [00:00<?, ?it/s]
Loaded feature_extractor as CLIPImageProcessor from `feature_extractor` subfolder of stabilityai/stable-video-diffusion-img2vid.
Loading pipeline components...: 100%|â–ˆâ–ˆâ–ˆâ–ˆâ–ˆâ–ˆâ–ˆâ–ˆâ–ˆâ–ˆâ–ˆâ–ˆâ–ˆâ–ˆâ–ˆâ–ˆâ–ˆâ–ˆâ–ˆâ–ˆâ–ˆâ–ˆâ–ˆâ–ˆâ–ˆâ–ˆâ–ˆâ–ˆâ–ˆâ–ˆâ–ˆâ–ˆâ–ˆâ–ˆâ–ˆâ–ˆâ–ˆâ–ˆâ–ˆâ–ˆâ–ˆâ–ˆâ–ˆâ–ˆâ–ˆâ–ˆâ–ˆâ–ˆâ–ˆâ–ˆâ–ˆâ–ˆâ–ˆâ–ˆâ–ˆâ–ˆâ–ˆâ–ˆâ–ˆâ–ˆâ–ˆâ–ˆâ–ˆâ–ˆâ–ˆâ–ˆâ–ˆâ–ˆâ–ˆâ–ˆâ–ˆâ–ˆâ–ˆâ–ˆâ–ˆâ–ˆâ–ˆâ–ˆâ–ˆâ–ˆâ–ˆâ–ˆâ–ˆâ–ˆâ–ˆâ–ˆâ–ˆâ–ˆâ–ˆâ–ˆâ–ˆâ–ˆâ–ˆâ–ˆ| 5/5 [00:00<00:00, 184.76it/s]


Steps:  11%|â–ˆâ–ˆâ–ˆâ–ˆâ–ˆâ–‹                                             | 2000/17760 [6:35:44<50:44:51, 11.59s/it, lr=0.0001, step_loss=0.0678][34m[1mwandb[39m[22m: Network error resolved after 0:00:01.242730, resuming normal operation.






























































































































































































































































































Steps:  12%|â–ˆâ–ˆâ–ˆâ–ˆâ–ˆâ–ˆ                                              | 2050/17760 [6:45:17<50:07:44, 11.49s/it, lr=0.0001, step_loss=0.115]INFO:__main__:Step 2050: Test Loss = 0.0885

































































































































































































































































































Steps:  12%|â–ˆâ–ˆâ–ˆâ–ˆâ–ˆâ–ˆâ–                                             | 2100/17760 [6:55:06<50:53:08, 11.70s/it, lr=0.0001, step_loss=0.104]INFO:__main__:Step 2100: Test Loss = 0.1021

































































































































































































































































































Steps:  12%|â–ˆâ–ˆâ–ˆâ–ˆâ–ˆâ–ˆâ–                                            | 2150/17760 [7:04:54<50:01:30, 11.54s/it, lr=0.0001, step_loss=0.0747]INFO:__main__:Step 2150: Test Loss = 0.1028

































































































































































































































































































Steps:  12%|â–ˆâ–ˆâ–ˆâ–ˆâ–ˆâ–ˆâ–Ž                                            | 2200/17760 [7:14:43<50:20:40, 11.65s/it, lr=0.0001, step_loss=0.0638]INFO:__main__:Step 2200: Test Loss = 0.0790
INFO:__main__:Running validation...
 Generating 1 videos.
{'insert_light', 'multi_frame', 'controlnet'} was not found in config. Values will be initialized to default values.
                                                                                                                                                                  {'rescale_betas_zero_snr', 'final_sigmas_type'} was not found in config. Values will be initialized to default values.
Loaded scheduler as EulerDiscreteScheduler from `scheduler` subfolder of stabilityai/stable-video-diffusion-img2vid.                        | 0/5 [00:00<?, ?it/s]
Loaded feature_extractor as CLIPImageProcessor from `feature_extractor` subfolder of stabilityai/stable-video-diffusion-img2vid.
Loading pipeline components...: 100%|â–ˆâ–ˆâ–ˆâ–ˆâ–ˆâ–ˆâ–ˆâ–ˆâ–ˆâ–ˆâ–ˆâ–ˆâ–ˆâ–ˆâ–ˆâ–ˆâ–ˆâ–ˆâ–ˆâ–ˆâ–ˆâ–ˆâ–ˆâ–ˆâ–ˆâ–ˆâ–ˆâ–ˆâ–ˆâ–ˆâ–ˆâ–ˆâ–ˆâ–ˆâ–ˆâ–ˆâ–ˆâ–ˆâ–ˆâ–ˆâ–ˆâ–ˆâ–ˆâ–ˆâ–ˆâ–ˆâ–ˆâ–ˆâ–ˆâ–ˆâ–ˆâ–ˆâ–ˆâ–ˆâ–ˆâ–ˆâ–ˆâ–ˆâ–ˆâ–ˆâ–ˆâ–ˆâ–ˆâ–ˆâ–ˆâ–ˆâ–ˆâ–ˆâ–ˆâ–ˆâ–ˆâ–ˆâ–ˆâ–ˆâ–ˆâ–ˆâ–ˆâ–ˆâ–ˆâ–ˆâ–ˆâ–ˆâ–ˆâ–ˆâ–ˆâ–ˆâ–ˆâ–ˆâ–ˆâ–ˆâ–ˆâ–ˆâ–ˆâ–ˆ| 5/5 [00:00<00:00, 252.85it/s]


































































































































































































































































































Steps:  13%|â–ˆâ–ˆâ–ˆâ–ˆâ–ˆâ–ˆâ–Œ                                             | 2250/17760 [7:24:42<50:28:04, 11.71s/it, lr=0.0001, step_loss=0.216]INFO:__main__:Step 2250: Test Loss = 0.1175


































































































































































































































































































Steps:  13%|â–ˆâ–ˆâ–ˆâ–ˆâ–ˆâ–ˆâ–Œ                                            | 2300/17760 [7:34:32<50:06:32, 11.67s/it, lr=0.0001, step_loss=0.0757]INFO:__main__:Step 2300: Test Loss = 0.1103

































































































































































































































































































Steps:  13%|â–ˆâ–ˆâ–ˆâ–ˆâ–ˆâ–ˆâ–‰                                             | 2350/17760 [7:44:23<49:25:16, 11.55s/it, lr=0.0001, step_loss=0.216]INFO:__main__:Step 2350: Test Loss = 0.0975



































































































































































































































































































Steps:  14%|â–ˆâ–ˆâ–ˆâ–ˆâ–ˆâ–ˆâ–‰                                            | 2400/17760 [7:54:15<50:04:13, 11.74s/it, lr=0.0001, step_loss=0.0684]INFO:__main__:Step 2400: Test Loss = 0.0967
INFO:__main__:Running validation...
 Generating 1 videos.
{'insert_light', 'multi_frame', 'controlnet'} was not found in config. Values will be initialized to default values.
                                                                                                                                                                  {'rescale_betas_zero_snr', 'final_sigmas_type'} was not found in config. Values will be initialized to default values.
Loaded scheduler as EulerDiscreteScheduler from `scheduler` subfolder of stabilityai/stable-video-diffusion-img2vid.                        | 0/5 [00:00<?, ?it/s]
Loaded feature_extractor as CLIPImageProcessor from `feature_extractor` subfolder of stabilityai/stable-video-diffusion-img2vid.
Loading pipeline components...: 100%|â–ˆâ–ˆâ–ˆâ–ˆâ–ˆâ–ˆâ–ˆâ–ˆâ–ˆâ–ˆâ–ˆâ–ˆâ–ˆâ–ˆâ–ˆâ–ˆâ–ˆâ–ˆâ–ˆâ–ˆâ–ˆâ–ˆâ–ˆâ–ˆâ–ˆâ–ˆâ–ˆâ–ˆâ–ˆâ–ˆâ–ˆâ–ˆâ–ˆâ–ˆâ–ˆâ–ˆâ–ˆâ–ˆâ–ˆâ–ˆâ–ˆâ–ˆâ–ˆâ–ˆâ–ˆâ–ˆâ–ˆâ–ˆâ–ˆâ–ˆâ–ˆâ–ˆâ–ˆâ–ˆâ–ˆâ–ˆâ–ˆâ–ˆâ–ˆâ–ˆâ–ˆâ–ˆâ–ˆâ–ˆâ–ˆâ–ˆâ–ˆâ–ˆâ–ˆâ–ˆâ–ˆâ–ˆâ–ˆâ–ˆâ–ˆâ–ˆâ–ˆâ–ˆâ–ˆâ–ˆâ–ˆâ–ˆâ–ˆâ–ˆâ–ˆâ–ˆâ–ˆâ–ˆâ–ˆâ–ˆâ–ˆâ–ˆâ–ˆâ–ˆ| 5/5 [00:00<00:00, 252.78it/s]



































































































































































































































































































Steps:  14%|â–ˆâ–ˆâ–ˆâ–ˆâ–ˆâ–ˆâ–ˆ                                            | 2450/17760 [8:04:16<50:19:50, 11.83s/it, lr=0.0001, step_loss=0.0523]INFO:__main__:Step 2450: Test Loss = 0.0844



































































































































































































































































































Steps:  14%|â–ˆâ–ˆâ–ˆâ–ˆâ–ˆâ–ˆâ–ˆâ–                                           | 2500/17760 [8:14:08<49:03:39, 11.57s/it, lr=0.0001, step_loss=0.0335]INFO:__main__:Step 2500: Test Loss = 0.1114
INFO:accelerate.accelerator:Saving current state to /sdb5/Model_out/model_add_ligh_3/checkpoint-2500
Configuration saved in /sdb5/Model_out/model_add_ligh_3/checkpoint-2500/controlnet/config.json
Model weights saved in /sdb5/Model_out/model_add_ligh_3/checkpoint-2500/controlnet/diffusion_pytorch_model.safetensors
Configuration saved in /sdb5/Model_out/model_add_ligh_3/checkpoint-2500/controlnet/config.json
Model weights saved in /sdb5/Model_out/model_add_ligh_3/checkpoint-2500/controlnet/diffusion_pytorch_model.safetensors
INFO:accelerate.checkpointing:Optimizer state saved in /sdb5/Model_out/model_add_ligh_3/checkpoint-2500/optimizer.bin
INFO:accelerate.checkpointing:Scheduler state saved in /sdb5/Model_out/model_add_ligh_3/checkpoint-2500/scheduler.bin
INFO:accelerate.checkpointing:Sampler state for dataloader 0 saved in /sdb5/Model_out/model_add_ligh_3/checkpoint-2500/sampler.bin
INFO:accelerate.checkpointing:Gradient scaler state saved in /sdb5/Model_out/model_add_ligh_3/checkpoint-2500/scaler.pt
INFO:accelerate.checkpointing:Random states saved in /sdb5/Model_out/model_add_ligh_3/checkpoint-2500/random_states_0.pkl
INFO:__main__:Saved state to /sdb5/Model_out/model_add_ligh_3/checkpoint-2500




































































































































































































































































































Steps:  14%|â–ˆâ–ˆâ–ˆâ–ˆâ–ˆâ–ˆâ–ˆâ–Œ                                             | 2550/17760 [8:24:22<49:42:05, 11.76s/it, lr=0.0001, step_loss=0.11]INFO:__main__:Step 2550: Test Loss = 0.1046




































































































































































































































































































Steps:  15%|â–ˆâ–ˆâ–ˆâ–ˆâ–ˆâ–ˆâ–ˆâ–                                           | 2600/17760 [8:34:16<48:52:43, 11.61s/it, lr=0.0001, step_loss=0.0781]INFO:__main__:Step 2600: Test Loss = 0.0751
INFO:__main__:Running validation...
 Generating 1 videos.
{'insert_light', 'multi_frame', 'controlnet'} was not found in config. Values will be initialized to default values.
                                                                                                                                                                  {'rescale_betas_zero_snr', 'final_sigmas_type'} was not found in config. Values will be initialized to default values.
Loaded scheduler as EulerDiscreteScheduler from `scheduler` subfolder of stabilityai/stable-video-diffusion-img2vid.                        | 0/5 [00:00<?, ?it/s]
Loaded feature_extractor as CLIPImageProcessor from `feature_extractor` subfolder of stabilityai/stable-video-diffusion-img2vid.
Loading pipeline components...: 100%|â–ˆâ–ˆâ–ˆâ–ˆâ–ˆâ–ˆâ–ˆâ–ˆâ–ˆâ–ˆâ–ˆâ–ˆâ–ˆâ–ˆâ–ˆâ–ˆâ–ˆâ–ˆâ–ˆâ–ˆâ–ˆâ–ˆâ–ˆâ–ˆâ–ˆâ–ˆâ–ˆâ–ˆâ–ˆâ–ˆâ–ˆâ–ˆâ–ˆâ–ˆâ–ˆâ–ˆâ–ˆâ–ˆâ–ˆâ–ˆâ–ˆâ–ˆâ–ˆâ–ˆâ–ˆâ–ˆâ–ˆâ–ˆâ–ˆâ–ˆâ–ˆâ–ˆâ–ˆâ–ˆâ–ˆâ–ˆâ–ˆâ–ˆâ–ˆâ–ˆâ–ˆâ–ˆâ–ˆâ–ˆâ–ˆâ–ˆâ–ˆâ–ˆâ–ˆâ–ˆâ–ˆâ–ˆâ–ˆâ–ˆâ–ˆâ–ˆâ–ˆâ–ˆâ–ˆâ–ˆâ–ˆâ–ˆâ–ˆâ–ˆâ–ˆâ–ˆâ–ˆâ–ˆâ–ˆâ–ˆâ–ˆâ–ˆâ–ˆâ–ˆ| 5/5 [00:00<00:00, 247.45it/s]


Steps:  15%|â–ˆâ–ˆâ–ˆâ–ˆâ–ˆâ–ˆâ–ˆâ–                                           | 2600/17760 [8:34:39<48:52:43, 11.61s/it, lr=0.0001, step_loss=0.0852][34m[1mwandb[39m[22m: Network error resolved after 0:00:01.186158, resuming normal operation.

































































































































































































































































































Steps:  15%|â–ˆâ–ˆâ–ˆâ–ˆâ–ˆâ–ˆâ–ˆâ–Š                                            | 2650/17760 [8:44:20<48:46:27, 11.62s/it, lr=0.0001, step_loss=0.144]INFO:__main__:Step 2650: Test Loss = 0.0814





































































































































































































































































































Steps:  15%|â–ˆâ–ˆâ–ˆâ–ˆâ–ˆâ–ˆâ–ˆâ–‰                                            | 2700/17760 [8:54:18<49:35:04, 11.85s/it, lr=0.0001, step_loss=0.061]INFO:__main__:Step 2700: Test Loss = 0.0778





































































































































































































































































































Steps:  15%|â–ˆâ–ˆâ–ˆâ–ˆâ–ˆâ–ˆâ–ˆâ–ˆâ–                                            | 2750/17760 [9:04:15<48:50:18, 11.71s/it, lr=0.0001, step_loss=0.05]INFO:__main__:Step 2750: Test Loss = 0.0967



































































































































































































































































































Steps:  16%|â–ˆâ–ˆâ–ˆâ–ˆâ–ˆâ–ˆâ–ˆâ–ˆ                                           | 2800/17760 [9:14:07<48:33:34, 11.69s/it, lr=0.0001, step_loss=0.0524]INFO:__main__:Step 2800: Test Loss = 0.1304
INFO:__main__:Running validation...
 Generating 1 videos.
{'insert_light', 'multi_frame', 'controlnet'} was not found in config. Values will be initialized to default values.
                                                                                                                                                                  {'rescale_betas_zero_snr', 'final_sigmas_type'} was not found in config. Values will be initialized to default values.
Loaded scheduler as EulerDiscreteScheduler from `scheduler` subfolder of stabilityai/stable-video-diffusion-img2vid.                        | 0/5 [00:00<?, ?it/s]
Loaded feature_extractor as CLIPImageProcessor from `feature_extractor` subfolder of stabilityai/stable-video-diffusion-img2vid.
Loading pipeline components...: 100%|â–ˆâ–ˆâ–ˆâ–ˆâ–ˆâ–ˆâ–ˆâ–ˆâ–ˆâ–ˆâ–ˆâ–ˆâ–ˆâ–ˆâ–ˆâ–ˆâ–ˆâ–ˆâ–ˆâ–ˆâ–ˆâ–ˆâ–ˆâ–ˆâ–ˆâ–ˆâ–ˆâ–ˆâ–ˆâ–ˆâ–ˆâ–ˆâ–ˆâ–ˆâ–ˆâ–ˆâ–ˆâ–ˆâ–ˆâ–ˆâ–ˆâ–ˆâ–ˆâ–ˆâ–ˆâ–ˆâ–ˆâ–ˆâ–ˆâ–ˆâ–ˆâ–ˆâ–ˆâ–ˆâ–ˆâ–ˆâ–ˆâ–ˆâ–ˆâ–ˆâ–ˆâ–ˆâ–ˆâ–ˆâ–ˆâ–ˆâ–ˆâ–ˆâ–ˆâ–ˆâ–ˆâ–ˆâ–ˆâ–ˆâ–ˆâ–ˆâ–ˆâ–ˆâ–ˆâ–ˆâ–ˆâ–ˆâ–ˆâ–ˆâ–ˆâ–ˆâ–ˆâ–ˆâ–ˆâ–ˆâ–ˆâ–ˆâ–ˆâ–ˆ| 5/5 [00:00<00:00, 245.32it/s]





































































































































































































































































































Steps:  16%|â–ˆâ–ˆâ–ˆâ–ˆâ–ˆâ–ˆâ–ˆâ–ˆâ–                                          | 2850/17760 [9:24:14<48:52:52, 11.80s/it, lr=0.0001, step_loss=0.0659]INFO:__main__:Step 2850: Test Loss = 0.1086




































































































































































































































































































Steps:  16%|â–ˆâ–ˆâ–ˆâ–ˆâ–ˆâ–ˆâ–ˆâ–ˆâ–Ž                                          | 2900/17760 [9:34:07<48:06:01, 11.65s/it, lr=0.0001, step_loss=0.0862]INFO:__main__:Step 2900: Test Loss = 0.0937


































































































































































































































































































Steps:  17%|â–ˆâ–ˆâ–ˆâ–ˆâ–ˆâ–ˆâ–ˆâ–ˆâ–                                          | 2950/17760 [9:43:59<47:42:43, 11.60s/it, lr=0.0001, step_loss=0.0715]INFO:__main__:Step 2950: Test Loss = 0.0741





































































































































































































































































































Steps:  17%|â–ˆâ–ˆâ–ˆâ–ˆâ–ˆâ–ˆâ–ˆâ–ˆâ–Š                                           | 3000/17760 [9:53:55<48:16:42, 11.78s/it, lr=0.0001, step_loss=0.102]INFO:__main__:Step 3000: Test Loss = 0.1031
INFO:__main__:5 checkpoints already exist, removing 1 checkpoints
INFO:__main__:removing checkpoints: checkpoint-500
INFO:accelerate.accelerator:Saving current state to /sdb5/Model_out/model_add_ligh_3/checkpoint-3000
Configuration saved in /sdb5/Model_out/model_add_ligh_3/checkpoint-3000/controlnet/config.json
Model weights saved in /sdb5/Model_out/model_add_ligh_3/checkpoint-3000/controlnet/diffusion_pytorch_model.safetensors
Configuration saved in /sdb5/Model_out/model_add_ligh_3/checkpoint-3000/controlnet/config.json
Model weights saved in /sdb5/Model_out/model_add_ligh_3/checkpoint-3000/controlnet/diffusion_pytorch_model.safetensors
INFO:accelerate.checkpointing:Optimizer state saved in /sdb5/Model_out/model_add_ligh_3/checkpoint-3000/optimizer.bin
INFO:accelerate.checkpointing:Scheduler state saved in /sdb5/Model_out/model_add_ligh_3/checkpoint-3000/scheduler.bin
INFO:accelerate.checkpointing:Sampler state for dataloader 0 saved in /sdb5/Model_out/model_add_ligh_3/checkpoint-3000/sampler.bin
INFO:accelerate.checkpointing:Gradient scaler state saved in /sdb5/Model_out/model_add_ligh_3/checkpoint-3000/scaler.pt
INFO:accelerate.checkpointing:Random states saved in /sdb5/Model_out/model_add_ligh_3/checkpoint-3000/random_states_0.pkl
INFO:__main__:Saved state to /sdb5/Model_out/model_add_ligh_3/checkpoint-3000
INFO:__main__:Running validation...
 Generating 1 videos.
{'insert_light', 'multi_frame', 'controlnet'} was not found in config. Values will be initialized to default values.
                                                                                                                                                                  {'rescale_betas_zero_snr', 'final_sigmas_type'} was not found in config. Values will be initialized to default values.
Loaded scheduler as EulerDiscreteScheduler from `scheduler` subfolder of stabilityai/stable-video-diffusion-img2vid.                        | 0/5 [00:00<?, ?it/s]
Loaded feature_extractor as CLIPImageProcessor from `feature_extractor` subfolder of stabilityai/stable-video-diffusion-img2vid.
Loading pipeline components...: 100%|â–ˆâ–ˆâ–ˆâ–ˆâ–ˆâ–ˆâ–ˆâ–ˆâ–ˆâ–ˆâ–ˆâ–ˆâ–ˆâ–ˆâ–ˆâ–ˆâ–ˆâ–ˆâ–ˆâ–ˆâ–ˆâ–ˆâ–ˆâ–ˆâ–ˆâ–ˆâ–ˆâ–ˆâ–ˆâ–ˆâ–ˆâ–ˆâ–ˆâ–ˆâ–ˆâ–ˆâ–ˆâ–ˆâ–ˆâ–ˆâ–ˆâ–ˆâ–ˆâ–ˆâ–ˆâ–ˆâ–ˆâ–ˆâ–ˆâ–ˆâ–ˆâ–ˆâ–ˆâ–ˆâ–ˆâ–ˆâ–ˆâ–ˆâ–ˆâ–ˆâ–ˆâ–ˆâ–ˆâ–ˆâ–ˆâ–ˆâ–ˆâ–ˆâ–ˆâ–ˆâ–ˆâ–ˆâ–ˆâ–ˆâ–ˆâ–ˆâ–ˆâ–ˆâ–ˆâ–ˆâ–ˆâ–ˆâ–ˆâ–ˆâ–ˆâ–ˆâ–ˆâ–ˆâ–ˆâ–ˆâ–ˆâ–ˆâ–ˆâ–ˆ| 5/5 [00:00<00:00, 241.77it/s]

Steps:  17%|â–ˆâ–ˆâ–ˆâ–ˆâ–ˆâ–ˆâ–ˆâ–ˆâ–Œ                                          | 3000/17760 [9:54:37<48:16:42, 11.78s/it, lr=0.0001, step_loss=0.0828][34m[1mwandb[39m[22m: Network error resolved after 0:00:01.270139, resuming normal operation.
































































































































































































































































































Steps:  17%|â–ˆâ–ˆâ–ˆâ–ˆâ–ˆâ–ˆâ–ˆâ–ˆâ–Š                                          | 3050/17760 [10:04:16<47:35:17, 11.65s/it, lr=0.0001, step_loss=0.053]INFO:__main__:Step 3050: Test Loss = 0.0787



































































































































































































































































































Steps:  17%|â–ˆâ–ˆâ–ˆâ–ˆâ–ˆâ–ˆâ–ˆâ–ˆâ–‰                                          | 3100/17760 [10:14:11<47:53:02, 11.76s/it, lr=0.0001, step_loss=0.072]INFO:__main__:Step 3100: Test Loss = 0.1443







































































































































































































































































































Steps:  18%|â–ˆâ–ˆâ–ˆâ–ˆâ–ˆâ–ˆâ–ˆâ–ˆâ–Š                                         | 3150/17760 [10:24:10<48:00:00, 11.83s/it, lr=0.0001, step_loss=0.0725]INFO:__main__:Step 3150: Test Loss = 0.1085




































































































































































































































































































Steps:  18%|â–ˆâ–ˆâ–ˆâ–ˆâ–ˆâ–ˆâ–ˆâ–ˆâ–ˆ                                         | 3200/17760 [10:34:05<47:10:56, 11.67s/it, lr=0.0001, step_loss=0.0472]INFO:__main__:Step 3200: Test Loss = 0.0718
INFO:__main__:Running validation...
 Generating 1 videos.
{'insert_light', 'multi_frame', 'controlnet'} was not found in config. Values will be initialized to default values.
                                                                                                                                                                  {'rescale_betas_zero_snr', 'final_sigmas_type'} was not found in config. Values will be initialized to default values.
Loaded scheduler as EulerDiscreteScheduler from `scheduler` subfolder of stabilityai/stable-video-diffusion-img2vid.                        | 0/5 [00:00<?, ?it/s]
Loaded feature_extractor as CLIPImageProcessor from `feature_extractor` subfolder of stabilityai/stable-video-diffusion-img2vid.
Loading pipeline components...: 100%|â–ˆâ–ˆâ–ˆâ–ˆâ–ˆâ–ˆâ–ˆâ–ˆâ–ˆâ–ˆâ–ˆâ–ˆâ–ˆâ–ˆâ–ˆâ–ˆâ–ˆâ–ˆâ–ˆâ–ˆâ–ˆâ–ˆâ–ˆâ–ˆâ–ˆâ–ˆâ–ˆâ–ˆâ–ˆâ–ˆâ–ˆâ–ˆâ–ˆâ–ˆâ–ˆâ–ˆâ–ˆâ–ˆâ–ˆâ–ˆâ–ˆâ–ˆâ–ˆâ–ˆâ–ˆâ–ˆâ–ˆâ–ˆâ–ˆâ–ˆâ–ˆâ–ˆâ–ˆâ–ˆâ–ˆâ–ˆâ–ˆâ–ˆâ–ˆâ–ˆâ–ˆâ–ˆâ–ˆâ–ˆâ–ˆâ–ˆâ–ˆâ–ˆâ–ˆâ–ˆâ–ˆâ–ˆâ–ˆâ–ˆâ–ˆâ–ˆâ–ˆâ–ˆâ–ˆâ–ˆâ–ˆâ–ˆâ–ˆâ–ˆâ–ˆâ–ˆâ–ˆâ–ˆâ–ˆâ–ˆâ–ˆâ–ˆâ–ˆâ–ˆ| 5/5 [00:00<00:00, 257.71it/s]




































































































































































































































































































Steps:  18%|â–ˆâ–ˆâ–ˆâ–ˆâ–ˆâ–ˆâ–ˆâ–ˆâ–ˆâ–                                        | 3250/17760 [10:44:08<47:15:16, 11.72s/it, lr=0.0001, step_loss=0.0437]INFO:__main__:Step 3250: Test Loss = 0.1151








































































































































































































































































































Steps:  19%|â–ˆâ–ˆâ–ˆâ–ˆâ–ˆâ–ˆâ–ˆâ–ˆâ–ˆâ–Ž                                        | 3300/17760 [10:54:11<47:25:30, 11.81s/it, lr=0.0001, step_loss=0.0512]INFO:__main__:Step 3300: Test Loss = 0.0668







































































































































































































































































































Steps:  19%|â–ˆâ–ˆâ–ˆâ–ˆâ–ˆâ–ˆâ–ˆâ–ˆâ–ˆâ–                                        | 3350/17760 [11:04:12<47:06:18, 11.77s/it, lr=0.0001, step_loss=0.0514]INFO:__main__:Step 3350: Test Loss = 0.0672






































































































































































































































































































Steps:  19%|â–ˆâ–ˆâ–ˆâ–ˆâ–ˆâ–ˆâ–ˆâ–ˆâ–ˆâ–Š                                         | 3400/17760 [11:14:11<46:50:13, 11.74s/it, lr=0.0001, step_loss=0.243]INFO:__main__:Step 3400: Test Loss = 0.0866
INFO:__main__:Running validation...
 Generating 1 videos.
{'insert_light', 'multi_frame', 'controlnet'} was not found in config. Values will be initialized to default values.
                                                                                                                                                                  {'rescale_betas_zero_snr', 'final_sigmas_type'} was not found in config. Values will be initialized to default values.
Loaded scheduler as EulerDiscreteScheduler from `scheduler` subfolder of stabilityai/stable-video-diffusion-img2vid.                        | 0/5 [00:00<?, ?it/s]
Loaded feature_extractor as CLIPImageProcessor from `feature_extractor` subfolder of stabilityai/stable-video-diffusion-img2vid.
Loading pipeline components...: 100%|â–ˆâ–ˆâ–ˆâ–ˆâ–ˆâ–ˆâ–ˆâ–ˆâ–ˆâ–ˆâ–ˆâ–ˆâ–ˆâ–ˆâ–ˆâ–ˆâ–ˆâ–ˆâ–ˆâ–ˆâ–ˆâ–ˆâ–ˆâ–ˆâ–ˆâ–ˆâ–ˆâ–ˆâ–ˆâ–ˆâ–ˆâ–ˆâ–ˆâ–ˆâ–ˆâ–ˆâ–ˆâ–ˆâ–ˆâ–ˆâ–ˆâ–ˆâ–ˆâ–ˆâ–ˆâ–ˆâ–ˆâ–ˆâ–ˆâ–ˆâ–ˆâ–ˆâ–ˆâ–ˆâ–ˆâ–ˆâ–ˆâ–ˆâ–ˆâ–ˆâ–ˆâ–ˆâ–ˆâ–ˆâ–ˆâ–ˆâ–ˆâ–ˆâ–ˆâ–ˆâ–ˆâ–ˆâ–ˆâ–ˆâ–ˆâ–ˆâ–ˆâ–ˆâ–ˆâ–ˆâ–ˆâ–ˆâ–ˆâ–ˆâ–ˆâ–ˆâ–ˆâ–ˆâ–ˆâ–ˆâ–ˆâ–ˆâ–ˆâ–ˆ| 5/5 [00:00<00:00, 256.92it/s]

Steps:  19%|â–ˆâ–ˆâ–ˆâ–ˆâ–ˆâ–ˆâ–ˆâ–ˆâ–ˆâ–Œ                                        | 3400/17760 [11:14:33<46:50:13, 11.74s/it, lr=0.0001, step_loss=0.0261][34m[1mwandb[39m[22m: Network error resolved after 0:00:01.191032, resuming normal operation.


































































































































































































































































































Steps:  19%|â–ˆâ–ˆâ–ˆâ–ˆâ–ˆâ–ˆâ–ˆâ–ˆâ–ˆâ–‹                                        | 3450/17760 [11:24:14<46:19:11, 11.65s/it, lr=0.0001, step_loss=0.0965]INFO:__main__:Step 3450: Test Loss = 0.0837


































































































































































































































































































Steps:  20%|â–ˆâ–ˆâ–ˆâ–ˆâ–ˆâ–ˆâ–ˆâ–ˆâ–ˆâ–ˆ                                         | 3500/17760 [11:34:06<45:45:01, 11.55s/it, lr=0.0001, step_loss=0.534]INFO:__main__:Step 3500: Test Loss = 0.1113
INFO:__main__:5 checkpoints already exist, removing 1 checkpoints
INFO:__main__:removing checkpoints: checkpoint-1000
INFO:accelerate.accelerator:Saving current state to /sdb5/Model_out/model_add_ligh_3/checkpoint-3500
Configuration saved in /sdb5/Model_out/model_add_ligh_3/checkpoint-3500/controlnet/config.json
Model weights saved in /sdb5/Model_out/model_add_ligh_3/checkpoint-3500/controlnet/diffusion_pytorch_model.safetensors
Configuration saved in /sdb5/Model_out/model_add_ligh_3/checkpoint-3500/controlnet/config.json
Model weights saved in /sdb5/Model_out/model_add_ligh_3/checkpoint-3500/controlnet/diffusion_pytorch_model.safetensors
INFO:accelerate.checkpointing:Optimizer state saved in /sdb5/Model_out/model_add_ligh_3/checkpoint-3500/optimizer.bin
INFO:accelerate.checkpointing:Scheduler state saved in /sdb5/Model_out/model_add_ligh_3/checkpoint-3500/scheduler.bin
INFO:accelerate.checkpointing:Sampler state for dataloader 0 saved in /sdb5/Model_out/model_add_ligh_3/checkpoint-3500/sampler.bin
INFO:accelerate.checkpointing:Gradient scaler state saved in /sdb5/Model_out/model_add_ligh_3/checkpoint-3500/scaler.pt
INFO:accelerate.checkpointing:Random states saved in /sdb5/Model_out/model_add_ligh_3/checkpoint-3500/random_states_0.pkl
INFO:__main__:Saved state to /sdb5/Model_out/model_add_ligh_3/checkpoint-3500

































































































































































































































































































Steps:  20%|â–ˆâ–ˆâ–ˆâ–ˆâ–ˆâ–ˆâ–ˆâ–ˆâ–ˆâ–‰                                        | 3550/17760 [11:44:13<45:43:08, 11.58s/it, lr=0.0001, step_loss=0.0437]INFO:__main__:Step 3550: Test Loss = 0.0853




































































































































































































































































































Steps:  20%|â–ˆâ–ˆâ–ˆâ–ˆâ–ˆâ–ˆâ–ˆâ–ˆâ–ˆâ–ˆâ–                                       | 3600/17760 [11:54:10<46:05:47, 11.72s/it, lr=0.0001, step_loss=0.0616]INFO:__main__:Step 3600: Test Loss = 0.0805
INFO:__main__:Running validation...
 Generating 1 videos.
{'insert_light', 'multi_frame', 'controlnet'} was not found in config. Values will be initialized to default values.
                                                                                                                                                                                                                                         {'rescale_betas_zero_snr', 'final_sigmas_type'} was not found in config. Values will be initialized to default values.
Loaded scheduler as EulerDiscreteScheduler from `scheduler` subfolder of stabilityai/stable-video-diffusion-img2vid.                                                                                               | 0/5 [00:00<?, ?it/s]
Loaded feature_extractor as CLIPImageProcessor from `feature_extractor` subfolder of stabilityai/stable-video-diffusion-img2vid.
Loading pipeline components...: 100%|â–ˆâ–ˆâ–ˆâ–ˆâ–ˆâ–ˆâ–ˆâ–ˆâ–ˆâ–ˆâ–ˆâ–ˆâ–ˆâ–ˆâ–ˆâ–ˆâ–ˆâ–ˆâ–ˆâ–ˆâ–ˆâ–ˆâ–ˆâ–ˆâ–ˆâ–ˆâ–ˆâ–ˆâ–ˆâ–ˆâ–ˆâ–ˆâ–ˆâ–ˆâ–ˆâ–ˆâ–ˆâ–ˆâ–ˆâ–ˆâ–ˆâ–ˆâ–ˆâ–ˆâ–ˆâ–ˆâ–ˆâ–ˆâ–ˆâ–ˆâ–ˆâ–ˆâ–ˆâ–ˆâ–ˆâ–ˆâ–ˆâ–ˆâ–ˆâ–ˆâ–ˆâ–ˆâ–ˆâ–ˆâ–ˆâ–ˆâ–ˆâ–ˆâ–ˆâ–ˆâ–ˆâ–ˆâ–ˆâ–ˆâ–ˆâ–ˆâ–ˆâ–ˆâ–ˆâ–ˆâ–ˆâ–ˆâ–ˆâ–ˆâ–ˆâ–ˆâ–ˆâ–ˆâ–ˆâ–ˆâ–ˆâ–ˆâ–ˆâ–ˆâ–ˆâ–ˆâ–ˆâ–ˆâ–ˆâ–ˆâ–ˆâ–ˆâ–ˆâ–ˆâ–ˆâ–ˆâ–ˆâ–ˆâ–ˆâ–ˆâ–ˆâ–ˆâ–ˆâ–ˆâ–ˆâ–ˆâ–ˆâ–ˆâ–ˆâ–ˆâ–ˆâ–ˆâ–ˆâ–ˆâ–ˆâ–ˆâ–ˆâ–ˆâ–ˆâ–ˆâ–ˆâ–ˆâ–ˆâ–ˆâ–ˆâ–ˆâ–ˆâ–ˆâ–ˆâ–ˆâ–ˆâ–ˆâ–ˆâ–ˆâ–ˆâ–ˆâ–ˆâ–ˆâ–ˆâ–ˆâ–ˆâ–ˆâ–ˆâ–ˆâ–ˆâ–ˆâ–ˆâ–ˆâ–ˆâ–ˆâ–ˆâ–ˆâ–ˆâ–ˆâ–ˆ| 5/5 [00:00<00:00, 248.27it/s]
Steps:  20%|â–ˆâ–ˆâ–ˆâ–ˆâ–ˆâ–ˆâ–ˆâ–ˆâ–ˆâ–ˆâ–                                       | 3600/17760 [11:54:31<46:05:47, 11.72s/it, lr=0.0001, step_loss=0.0649][34m[1mwandb[39m[22m: Network error resolved after 0:00:01.186348, resuming normal operation.



































































































































































































































































































Steps:  21%|â–ˆâ–ˆâ–ˆâ–ˆâ–ˆâ–ˆâ–ˆâ–ˆâ–ˆâ–ˆâ–Ž                                       | 3650/17760 [12:04:13<45:37:55, 11.64s/it, lr=0.0001, step_loss=0.0431]INFO:__main__:Step 3650: Test Loss = 0.1114


































































































































































































































































































Steps:  21%|â–ˆâ–ˆâ–ˆâ–ˆâ–ˆâ–ˆâ–ˆâ–ˆâ–ˆâ–ˆâ–                                       | 3700/17760 [12:14:02<41:49:58, 10.71s/it, lr=0.0001, step_loss=0.0452]INFO:__main__:Step 3700: Test Loss = 0.0626





































































































































































































































































































Steps:  21%|â–ˆâ–ˆâ–ˆâ–ˆâ–ˆâ–ˆâ–ˆâ–ˆâ–ˆâ–ˆâ–Œ                                       | 3750/17760 [12:23:59<45:48:44, 11.77s/it, lr=0.0001, step_loss=0.0654]INFO:__main__:Step 3750: Test Loss = 0.0775



































































































































































































































































































Steps:  21%|â–ˆâ–ˆâ–ˆâ–ˆâ–ˆâ–ˆâ–ˆâ–ˆâ–ˆâ–ˆâ–‹                                       | 3800/17760 [12:33:50<44:33:28, 11.49s/it, lr=0.0001, step_loss=0.0934]INFO:__main__:Step 3800: Test Loss = 0.0812
INFO:__main__:Running validation...
 Generating 1 videos.
{'insert_light', 'multi_frame', 'controlnet'} was not found in config. Values will be initialized to default values.
                                                                                                                                                                                                                                         {'rescale_betas_zero_snr', 'final_sigmas_type'} was not found in config. Values will be initialized to default values.
Loaded scheduler as EulerDiscreteScheduler from `scheduler` subfolder of stabilityai/stable-video-diffusion-img2vid.                                                                                               | 0/5 [00:00<?, ?it/s]
Loaded feature_extractor as CLIPImageProcessor from `feature_extractor` subfolder of stabilityai/stable-video-diffusion-img2vid.
Loading pipeline components...: 100%|â–ˆâ–ˆâ–ˆâ–ˆâ–ˆâ–ˆâ–ˆâ–ˆâ–ˆâ–ˆâ–ˆâ–ˆâ–ˆâ–ˆâ–ˆâ–ˆâ–ˆâ–ˆâ–ˆâ–ˆâ–ˆâ–ˆâ–ˆâ–ˆâ–ˆâ–ˆâ–ˆâ–ˆâ–ˆâ–ˆâ–ˆâ–ˆâ–ˆâ–ˆâ–ˆâ–ˆâ–ˆâ–ˆâ–ˆâ–ˆâ–ˆâ–ˆâ–ˆâ–ˆâ–ˆâ–ˆâ–ˆâ–ˆâ–ˆâ–ˆâ–ˆâ–ˆâ–ˆâ–ˆâ–ˆâ–ˆâ–ˆâ–ˆâ–ˆâ–ˆâ–ˆâ–ˆâ–ˆâ–ˆâ–ˆâ–ˆâ–ˆâ–ˆâ–ˆâ–ˆâ–ˆâ–ˆâ–ˆâ–ˆâ–ˆâ–ˆâ–ˆâ–ˆâ–ˆâ–ˆâ–ˆâ–ˆâ–ˆâ–ˆâ–ˆâ–ˆâ–ˆâ–ˆâ–ˆâ–ˆâ–ˆâ–ˆâ–ˆâ–ˆâ–ˆâ–ˆâ–ˆâ–ˆâ–ˆâ–ˆâ–ˆâ–ˆâ–ˆâ–ˆâ–ˆâ–ˆâ–ˆâ–ˆâ–ˆâ–ˆâ–ˆâ–ˆâ–ˆâ–ˆâ–ˆâ–ˆâ–ˆâ–ˆâ–ˆâ–ˆâ–ˆâ–ˆâ–ˆâ–ˆâ–ˆâ–ˆâ–ˆâ–ˆâ–ˆâ–ˆâ–ˆâ–ˆâ–ˆâ–ˆâ–ˆâ–ˆâ–ˆâ–ˆâ–ˆâ–ˆâ–ˆâ–ˆâ–ˆâ–ˆâ–ˆâ–ˆâ–ˆâ–ˆâ–ˆâ–ˆâ–ˆâ–ˆâ–ˆâ–ˆâ–ˆâ–ˆâ–ˆâ–ˆâ–ˆâ–ˆâ–ˆâ–ˆâ–ˆâ–ˆâ–ˆ| 5/5 [00:00<00:00, 229.14it/s]



Steps:  21%|â–ˆâ–ˆâ–ˆâ–ˆâ–ˆâ–ˆâ–ˆâ–ˆâ–ˆâ–ˆâ–‹                                       | 3800/17760 [12:34:16<44:33:28, 11.49s/it, lr=0.0001, step_loss=0.0732][34m[1mwandb[39m[22m: Network error resolved after 0:00:01.160718, resuming normal operation.






























































































































































































































































































Steps:  22%|â–ˆâ–ˆâ–ˆâ–ˆâ–ˆâ–ˆâ–ˆâ–ˆâ–ˆâ–ˆâ–Š                                       | 3850/17760 [12:43:50<45:15:52, 11.71s/it, lr=0.0001, step_loss=0.0548]INFO:__main__:Step 3850: Test Loss = 0.0715
































































































































































































































































































Steps:  22%|â–ˆâ–ˆâ–ˆâ–ˆâ–ˆâ–ˆâ–ˆâ–ˆâ–ˆâ–ˆâ–ˆâ–                                       | 3900/17760 [12:53:37<44:31:25, 11.56s/it, lr=0.0001, step_loss=0.054]INFO:__main__:Step 3900: Test Loss = 0.0785


































































































































































































































































































Steps:  22%|â–ˆâ–ˆâ–ˆâ–ˆâ–ˆâ–ˆâ–ˆâ–ˆâ–ˆâ–ˆâ–ˆâ–Ž                                       | 3950/17760 [13:03:27<44:38:58, 11.64s/it, lr=0.0001, step_loss=0.542]INFO:__main__:Step 3950: Test Loss = 0.0869

































































































































































































































































































Steps:  23%|â–ˆâ–ˆâ–ˆâ–ˆâ–ˆâ–ˆâ–ˆâ–ˆâ–ˆâ–ˆâ–ˆâ–Ž                                      | 4000/17760 [13:13:18<44:55:17, 11.75s/it, lr=0.0001, step_loss=0.0331]INFO:__main__:Step 4000: Test Loss = 0.0784
INFO:__main__:5 checkpoints already exist, removing 1 checkpoints
INFO:__main__:removing checkpoints: checkpoint-1500
INFO:accelerate.accelerator:Saving current state to /sdb5/Model_out/model_add_ligh_3/checkpoint-4000
Configuration saved in /sdb5/Model_out/model_add_ligh_3/checkpoint-4000/controlnet/config.json
Model weights saved in /sdb5/Model_out/model_add_ligh_3/checkpoint-4000/controlnet/diffusion_pytorch_model.safetensors
Configuration saved in /sdb5/Model_out/model_add_ligh_3/checkpoint-4000/controlnet/config.json
Model weights saved in /sdb5/Model_out/model_add_ligh_3/checkpoint-4000/controlnet/diffusion_pytorch_model.safetensors
INFO:accelerate.checkpointing:Optimizer state saved in /sdb5/Model_out/model_add_ligh_3/checkpoint-4000/optimizer.bin
INFO:accelerate.checkpointing:Scheduler state saved in /sdb5/Model_out/model_add_ligh_3/checkpoint-4000/scheduler.bin
INFO:accelerate.checkpointing:Sampler state for dataloader 0 saved in /sdb5/Model_out/model_add_ligh_3/checkpoint-4000/sampler.bin
INFO:accelerate.checkpointing:Gradient scaler state saved in /sdb5/Model_out/model_add_ligh_3/checkpoint-4000/scaler.pt
INFO:accelerate.checkpointing:Random states saved in /sdb5/Model_out/model_add_ligh_3/checkpoint-4000/random_states_0.pkl
INFO:__main__:Saved state to /sdb5/Model_out/model_add_ligh_3/checkpoint-4000
INFO:__main__:Running validation...
 Generating 1 videos.
{'insert_light', 'multi_frame', 'controlnet'} was not found in config. Values will be initialized to default values.
                                                                                                                                                                                                                                         {'rescale_betas_zero_snr', 'final_sigmas_type'} was not found in config. Values will be initialized to default values.
Loaded scheduler as EulerDiscreteScheduler from `scheduler` subfolder of stabilityai/stable-video-diffusion-img2vid.                                                                                               | 0/5 [00:00<?, ?it/s]
Loaded feature_extractor as CLIPImageProcessor from `feature_extractor` subfolder of stabilityai/stable-video-diffusion-img2vid.
Loading pipeline components...: 100%|â–ˆâ–ˆâ–ˆâ–ˆâ–ˆâ–ˆâ–ˆâ–ˆâ–ˆâ–ˆâ–ˆâ–ˆâ–ˆâ–ˆâ–ˆâ–ˆâ–ˆâ–ˆâ–ˆâ–ˆâ–ˆâ–ˆâ–ˆâ–ˆâ–ˆâ–ˆâ–ˆâ–ˆâ–ˆâ–ˆâ–ˆâ–ˆâ–ˆâ–ˆâ–ˆâ–ˆâ–ˆâ–ˆâ–ˆâ–ˆâ–ˆâ–ˆâ–ˆâ–ˆâ–ˆâ–ˆâ–ˆâ–ˆâ–ˆâ–ˆâ–ˆâ–ˆâ–ˆâ–ˆâ–ˆâ–ˆâ–ˆâ–ˆâ–ˆâ–ˆâ–ˆâ–ˆâ–ˆâ–ˆâ–ˆâ–ˆâ–ˆâ–ˆâ–ˆâ–ˆâ–ˆâ–ˆâ–ˆâ–ˆâ–ˆâ–ˆâ–ˆâ–ˆâ–ˆâ–ˆâ–ˆâ–ˆâ–ˆâ–ˆâ–ˆâ–ˆâ–ˆâ–ˆâ–ˆâ–ˆâ–ˆâ–ˆâ–ˆâ–ˆâ–ˆâ–ˆâ–ˆâ–ˆâ–ˆâ–ˆâ–ˆâ–ˆâ–ˆâ–ˆâ–ˆâ–ˆâ–ˆâ–ˆâ–ˆâ–ˆâ–ˆâ–ˆâ–ˆâ–ˆâ–ˆâ–ˆâ–ˆâ–ˆâ–ˆâ–ˆâ–ˆâ–ˆâ–ˆâ–ˆâ–ˆâ–ˆâ–ˆâ–ˆâ–ˆâ–ˆâ–ˆâ–ˆâ–ˆâ–ˆâ–ˆâ–ˆâ–ˆâ–ˆâ–ˆâ–ˆâ–ˆâ–ˆâ–ˆâ–ˆâ–ˆâ–ˆâ–ˆâ–ˆâ–ˆâ–ˆâ–ˆâ–ˆâ–ˆâ–ˆâ–ˆâ–ˆâ–ˆâ–ˆâ–ˆâ–ˆâ–ˆâ–ˆâ–ˆâ–ˆâ–ˆ| 5/5 [00:00<00:00, 259.84it/s]


























































































Steps:  23%|â–ˆâ–ˆâ–ˆâ–ˆâ–ˆâ–ˆâ–ˆâ–ˆâ–ˆâ–ˆâ–ˆâ–Œ                                       | 4015/17760 [13:16:57<44:50:02, 11.74s/it, lr=0.0001, step_loss=0.172]Traceback (most recent call last):
  File "/sdb5/SVD_ControlNet_Relight/train_svd_controlnet.py", line 2024, in <module>
    main()
  File "/sdb5/SVD_ControlNet_Relight/train_svd_controlnet.py", line 1615, in main
    sigmas = rand_log_normal(shape=[bsz,], loc=0.7, scale=1.6).to(latents.device)
KeyboardInterrupt
[rank0]: Traceback (most recent call last):
[rank0]:   File "/sdb5/SVD_ControlNet_Relight/train_svd_controlnet.py", line 2024, in <module>
[rank0]:     main()
[rank0]:   File "/sdb5/SVD_ControlNet_Relight/train_svd_controlnet.py", line 1615, in main
[rank0]:     sigmas = rand_log_normal(shape=[bsz,], loc=0.7, scale=1.6).to(latents.device)
[rank0]: KeyboardInterrupt