INFO:__main__:***** Running training *****
INFO:__main__:  Num examples = 4728
INFO:__main__:  Num Epochs = 120
INFO:__main__:  Instantaneous batch size per device = 1
INFO:__main__:  Total train batch size (w. parallel, distributed & accumulation) = 64
INFO:__main__:  Gradient Accumulation steps = 16
INFO:__main__:  Total optimization steps = 8880









Steps:   0%|          | 1/8880 [00:27<68:13:32, 27.66s/it, lr=0.0001, step_loss=0.234]INFO:__main__:Running validation...
 Generating 1 videos.
{'controlnet', 'insert_light', 'multi_frame'} was not found in config. Values will be initialized to default values.
                                                                     {'final_sigmas_type', 'rescale_betas_zero_snr'} was not found in config. Values will be initialized to default values.
Loaded scheduler as EulerDiscreteScheduler from `scheduler` subfolder of stabilityai/stable-video-diffusion-img2vid.
Loaded feature_extractor as CLIPImageProcessor from `feature_extractor` subfolder of stabilityai/stable-video-diffusion-img2vid.
Loading pipeline components...: 100%|██████████| 5/5 [00:00<00:00, 325.74it/s]






































Steps:   0%|          | 5/8880 [01:55<52:39:23, 21.36s/it, lr=0.0001, step_loss=0.321]Traceback (most recent call last):
  File "/fs/nexus-scratch/sjxu/svd-temporal-controlnet/train_svd_controlnet.py", line 2025, in <module>
    main()
  File "/fs/nexus-scratch/sjxu/svd-temporal-controlnet/train_svd_controlnet.py", line 1778, in main
    test_loss = evaluate_on_test_set(
  File "/fs/nexus-scratch/sjxu/svd-temporal-controlnet/train_svd_controlnet.py", line 1454, in evaluate_on_test_set
    sigmas = sigmas_reshaped
NameError: name 'sigmas_reshaped' is not defined
[rank0]: Traceback (most recent call last):
[rank0]:   File "/fs/nexus-scratch/sjxu/svd-temporal-controlnet/train_svd_controlnet.py", line 2025, in <module>
[rank0]:     main()
[rank0]:   File "/fs/nexus-scratch/sjxu/svd-temporal-controlnet/train_svd_controlnet.py", line 1778, in main
[rank0]:     test_loss = evaluate_on_test_set(
[rank0]:   File "/fs/nexus-scratch/sjxu/svd-temporal-controlnet/train_svd_controlnet.py", line 1454, in evaluate_on_test_set
[rank0]:     sigmas = sigmas_reshaped
[rank0]: NameError: name 'sigmas_reshaped' is not defined